Using pre-set license
Built from '2021.3/staging' branch; Version is '2021.3.5f1 (40eb3a945986) revision 4254522'; Using compiler version '192829333'; Build Type 'Release'
OS: 'Windows 10  (10.0.19043) 64bit CoreSingleLanguage' Language: 'es' Physical Memory: 8042 MB
BatchMode: 1, IsHumanControllingUs: 0, StartBugReporterOnCrash: 0, Is64bit: 1, IsPro: 1

COMMAND LINE ARGUMENTS:
C:\Program Files\Unity\Hub\Editor\2021.3.5f1\Editor\Unity.exe
-adb2
-batchMode
-noUpm
-name
AssetImportWorker8
-projectPath
C:/Users/AsusPC/Desktop/MyGames/Demo/WEB/3D/Airplane-Game/Airplane
-logFile
Logs/AssetImportWorker8.log
-srvPort
62297
Successfully changed project path to: C:/Users/AsusPC/Desktop/MyGames/Demo/WEB/3D/Airplane-Game/Airplane
C:/Users/AsusPC/Desktop/MyGames/Demo/WEB/3D/Airplane-Game/Airplane
[UnityMemory] Configuration Parameters - Can be set up in boot.config
    "memorysetup-bucket-allocator-granularity=16"
    "memorysetup-bucket-allocator-bucket-count=8"
    "memorysetup-bucket-allocator-block-size=33554432"
    "memorysetup-bucket-allocator-block-count=8"
    "memorysetup-main-allocator-block-size=16777216"
    "memorysetup-thread-allocator-block-size=16777216"
    "memorysetup-gfx-main-allocator-block-size=16777216"
    "memorysetup-gfx-thread-allocator-block-size=16777216"
    "memorysetup-cache-allocator-block-size=4194304"
    "memorysetup-typetree-allocator-block-size=2097152"
    "memorysetup-profiler-bucket-allocator-granularity=16"
    "memorysetup-profiler-bucket-allocator-bucket-count=8"
    "memorysetup-profiler-bucket-allocator-block-size=33554432"
    "memorysetup-profiler-bucket-allocator-block-count=8"
    "memorysetup-profiler-allocator-block-size=16777216"
    "memorysetup-profiler-editor-allocator-block-size=1048576"
    "memorysetup-temp-allocator-size-main=16777216"
    "memorysetup-job-temp-allocator-block-size=2097152"
    "memorysetup-job-temp-allocator-block-size-background=1048576"
    "memorysetup-job-temp-allocator-reduction-small-platforms=262144"
    "memorysetup-temp-allocator-size-background-worker=32768"
    "memorysetup-temp-allocator-size-job-worker=262144"
    "memorysetup-temp-allocator-size-preload-manager=33554432"
    "memorysetup-temp-allocator-size-nav-mesh-worker=65536"
    "memorysetup-temp-allocator-size-audio-worker=65536"
    "memorysetup-temp-allocator-size-cloud-worker=32768"
    "memorysetup-temp-allocator-size-gi-baking-worker=262144"
    "memorysetup-temp-allocator-size-gfx=262144"
Refreshing native plugins compatible for Editor in 126.37 ms, found 3 plugins.
Preloading 0 native plugins for Editor in 0.00 ms.
Initialize engine version: 2021.3.5f1 (40eb3a945986)
[Subsystems] Discovering subsystems at path C:/Program Files/Unity/Hub/Editor/2021.3.5f1/Editor/Data/Resources/UnitySubsystems
[Subsystems] Discovering subsystems at path C:/Users/AsusPC/Desktop/MyGames/Demo/WEB/3D/Airplane-Game/Airplane/Assets
GfxDevice: creating device client; threaded=0; jobified=0
Direct3D:
    Version:  Direct3D 11.0 [level 11.1]
    Renderer: NVIDIA GeForce GTX 1650 (ID=0x1f91)
    Vendor:   NVIDIA
    VRAM:     3962 MB
    Driver:   30.0.15.1278
Initialize mono
Mono path[0] = 'C:/Program Files/Unity/Hub/Editor/2021.3.5f1/Editor/Data/Managed'
Mono path[1] = 'C:/Program Files/Unity/Hub/Editor/2021.3.5f1/Editor/Data/MonoBleedingEdge/lib/mono/unityjit-win32'
Mono config path = 'C:/Program Files/Unity/Hub/Editor/2021.3.5f1/Editor/Data/MonoBleedingEdge/etc'
Using monoOptions --debugger-agent=transport=dt_socket,embedding=1,server=y,suspend=n,address=127.0.0.1:56536
Begin MonoManager ReloadAssembly
Registering precompiled unity dll's ...
Register platform support module: C:/Program Files/Unity/Hub/Editor/2021.3.5f1/Editor/Data/PlaybackEngines/WebGLSupport/UnityEditor.WebGL.Extensions.dll
Register platform support module: C:/Program Files/Unity/Hub/Editor/2021.3.5f1/Editor/Data/PlaybackEngines/AndroidPlayer/UnityEditor.Android.Extensions.dll
Register platform support module: C:/Program Files/Unity/Hub/Editor/2021.3.5f1/Editor/Data/PlaybackEngines/WindowsStandaloneSupport/UnityEditor.WindowsStandalone.Extensions.dll
Registered in 0.011330 seconds.
Native extension for WindowsStandalone target not found
Native extension for Android target not found
Native extension for WebGL target not found
Refreshing native plugins compatible for Editor in 202.94 ms, found 3 plugins.
Preloading 0 native plugins for Editor in 0.00 ms.
Mono: successfully reloaded assembly
- Completed reload, in  1.039 seconds
Domain Reload Profiling:
	ReloadAssembly (1040ms)
		BeginReloadAssembly (92ms)
			ExecutionOrderSort (0ms)
			DisableScriptedObjects (0ms)
			BackupInstance (0ms)
			ReleaseScriptingObjects (0ms)
			CreateAndSetChildDomain (1ms)
		EndReloadAssembly (804ms)
			LoadAssemblies (89ms)
			RebuildTransferFunctionScriptingTraits (0ms)
			SetupTypeCache (134ms)
			ReleaseScriptCaches (0ms)
			RebuildScriptCaches (36ms)
			SetupLoadedEditorAssemblies (572ms)
				LogAssemblyErrors (0ms)
				InitializePlatformSupportModulesInManaged (110ms)
				SetLoadedEditorAssemblies (1ms)
				RefreshPlugins (203ms)
				BeforeProcessingInitializeOnLoad (2ms)
				ProcessInitializeOnLoadAttributes (185ms)
				ProcessInitializeOnLoadMethodAttributes (71ms)
				AfterProcessingInitializeOnLoad (0ms)
				EditorAssembliesLoaded (0ms)
			ExecutionOrderSort2 (0ms)
			AwakeInstancesAfterBackupRestoration (0ms)
Platform modules already initialized, skipping
Registering precompiled user dll's ...
Registered in 0.010283 seconds.
Begin MonoManager ReloadAssembly
Symbol file LoadedFromMemory doesn't match image C:\Users\AsusPC\Desktop\MyGames\Demo\WEB\3D\Airplane-Game\Airplane\Library\PackageCache\com.unity.visualscripting@1.7.8\Editor\VisualScripting.Core\Dependencies\DotNetZip\Unity.VisualScripting.IonicZip.dll
Symbol file LoadedFromMemory doesn't match image C:\Users\AsusPC\Desktop\MyGames\Demo\WEB\3D\Airplane-Game\Airplane\Library\PackageCache\com.unity.visualscripting@1.7.8\Editor\VisualScripting.Core\Dependencies\YamlDotNet\Unity.VisualScripting.YamlDotNet.dll
Native extension for WindowsStandalone target not found
Native extension for Android target not found
Native extension for WebGL target not found
Refreshing native plugins compatible for Editor in 0.88 ms, found 3 plugins.
Preloading 0 native plugins for Editor in 0.00 ms.
System.Reflection.AmbiguousMatchException: Ambiguous match found.
  at System.RuntimeType.GetMethodImplCommon (System.String name, System.Int32 genericParameterCount, System.Reflection.BindingFlags bindingAttr, System.Reflection.Binder binder, System.Reflection.CallingConventions callConv, System.Type[] types, System.Reflection.ParameterModifier[] modifiers) [0x00050] in <e40e5a8f982c4b618a930d29f9bd091c>:0 
  at System.RuntimeType.GetMethodImpl (System.String name, System.Reflection.BindingFlags bindingAttr, System.Reflection.Binder binder, System.Reflection.CallingConventions callConv, System.Type[] types, System.Reflection.ParameterModifier[] modifiers) [0x00000] in <e40e5a8f982c4b618a930d29f9bd091c>:0 
  at System.Type.GetMethod (System.String name, System.Reflection.BindingFlags bindingAttr) [0x0000e] in <e40e5a8f982c4b618a930d29f9bd091c>:0 
  at System.Type.GetMethod (System.String name) [0x00000] in <e40e5a8f982c4b618a930d29f9bd091c>:0 
  at GooglePlayServices.UnityCompat.get_Unity56AndAboveApplicationIdentifier () [0x00000] in <1877a7de1fce4dbf9ed2d0e651eb9a0e>:0 
  at GooglePlayServices.UnityCompat.get_ApplicationId () [0x00000] in <1877a7de1fce4dbf9ed2d0e651eb9a0e>:0 
  at GooglePlayServices.PlayServicesResolver..cctor () [0x0002a] in <1877a7de1fce4dbf9ed2d0e651eb9a0e>:0 
UnityEngine.StackTraceUtility:ExtractStackTrace ()
UnityEngine.DebugLogHandler:LogFormat (UnityEngine.LogType,UnityEngine.Object,string,object[])
UnityEngine.Logger:Log (UnityEngine.LogType,object)
UnityEngine.Debug:LogError (object)
UnityEditor.EditorAssemblies:ProcessInitializeOnLoadAttributes (System.Type[])

Mono: successfully reloaded assembly
- Completed reload, in  6.882 seconds
Domain Reload Profiling:
	ReloadAssembly (6883ms)
		BeginReloadAssembly (252ms)
			ExecutionOrderSort (0ms)
			DisableScriptedObjects (10ms)
			BackupInstance (0ms)
			ReleaseScriptingObjects (0ms)
			CreateAndSetChildDomain (137ms)
		EndReloadAssembly (6224ms)
			LoadAssemblies (1046ms)
			RebuildTransferFunctionScriptingTraits (0ms)
			SetupTypeCache (307ms)
			ReleaseScriptCaches (1ms)
			RebuildScriptCaches (55ms)
			SetupLoadedEditorAssemblies (4780ms)
				LogAssemblyErrors (0ms)
				InitializePlatformSupportModulesInManaged (18ms)
				SetLoadedEditorAssemblies (0ms)
				RefreshPlugins (1ms)
				BeforeProcessingInitializeOnLoad (97ms)
				ProcessInitializeOnLoadAttributes (4474ms)
				ProcessInitializeOnLoadMethodAttributes (180ms)
				AfterProcessingInitializeOnLoad (9ms)
				EditorAssembliesLoaded (0ms)
			ExecutionOrderSort2 (0ms)
			AwakeInstancesAfterBackupRestoration (8ms)
Platform modules already initialized, skipping
========================================================================
Worker process is ready to serve import requests
Launched and connected shader compiler UnityShaderCompiler.exe after 0.22 seconds
Refreshing native plugins compatible for Editor in 1.35 ms, found 3 plugins.
Preloading 0 native plugins for Editor in 0.00 ms.
Unloading 3579 Unused Serialized files (Serialized files now loaded: 0)
Unloading 54 unused Assets / (0.7 MB). Loaded Objects now: 4023.
Memory consumption went from 142.9 MB to 142.2 MB.
Total: 6.776000 ms (FindLiveObjects: 0.504300 ms CreateObjectMapping: 0.407700 ms MarkObjects: 5.396200 ms  DeleteObjects: 0.466100 ms)

AssetImportParameters requested are different than current active one (requested -> active):
  custom:video-decoder-ogg-theora: a1e56fd34408186e4bbccfd4996cb3dc -> 
  custom:container-muxer-webm: aa71ff27fc2769a1b78a27578f13a17b -> 
  custom:container-demuxer-webm: 4f35f7cbe854078d1ac9338744f61a02 -> 
  custom:video-encoder-webm-vp8: eb34c28f22e8b96e1ab97ce403110664 -> 
  custom:video-codec-MediaFoundation-h265: 746d11721c4dcdbdad8f713fa42b33f4 -> 
  custom:audio-encoder-webm-vorbis: bf7c407c2cedff20999df2af8eb42d56 -> 
  custom:framework-win-MediaFoundation: 216162199b28c13a410421893ffa2e32 -> 
  custom:container-demuxer-ogg: 62fdf1f143b41e24485cea50d1cbac27 -> 
  custom:video-decoder-webm-vp8: 9c59270c3fd7afecdb556c50c9e8de78 -> 
  custom:audio-decoder-ogg-vorbis: bf7c407c2cedff20999df2af8eb42d56 -> 
========================================================================
Received Import Request.
  Time since last request: 31610.995483 seconds.
  path: Assets/Plane Fighter Assets/Plane Assets/Resources/Islands/Island1.prefab
  artifactKey: Guid(9c81c2fac3c444e83a8de69e3a316bde) Importer(815301076,1909f56bfc062723c751e8b465ee728b)
Start importing Assets/Plane Fighter Assets/Plane Assets/Resources/Islands/Island1.prefab using Guid(9c81c2fac3c444e83a8de69e3a316bde) Importer(815301076,1909f56bfc062723c751e8b465ee728b)  -> (artifact id: 'e07fb78b22be4def24c1ab91cf71f87c') in 1.558560 seconds 
========================================================================
Received Import Request.
  Time since last request: 81.853737 seconds.
  path: Assets/Plane Fighter Assets/Plane Assets/Resources/Balloons
  artifactKey: Guid(0413c608d299a4678947bea00d1a5aa0) Importer(815301076,1909f56bfc062723c751e8b465ee728b)
Start importing Assets/Plane Fighter Assets/Plane Assets/Resources/Balloons using Guid(0413c608d299a4678947bea00d1a5aa0) Importer(815301076,1909f56bfc062723c751e8b465ee728b)  -> (artifact id: '8a448bd875eea6d1a8d43f8a5119efdc') in 0.007760 seconds 
========================================================================
Received Import Request.
  Time since last request: 2.136363 seconds.
  path: Assets/Plane Fighter Assets/Plane Assets/Resources/Balloons/airhot.prefab
  artifactKey: Guid(2fb9e9ec89ce54745beee94ab30b741c) Importer(815301076,1909f56bfc062723c751e8b465ee728b)
Start importing Assets/Plane Fighter Assets/Plane Assets/Resources/Balloons/airhot.prefab using Guid(2fb9e9ec89ce54745beee94ab30b741c) Importer(815301076,1909f56bfc062723c751e8b465ee728b)  -> (artifact id: '975cedf5805b697ac3386bf0f21403cc') in 0.060322 seconds 
========================================================================
Received Import Request.
  Time since last request: 42.489649 seconds.
  path: Assets/Plane Fighter Assets/Plane Assets/Resources/EnemyAir
  artifactKey: Guid(77f5feed1b371d64592c2fd8bec7220d) Importer(815301076,1909f56bfc062723c751e8b465ee728b)
Start importing Assets/Plane Fighter Assets/Plane Assets/Resources/EnemyAir using Guid(77f5feed1b371d64592c2fd8bec7220d) Importer(815301076,1909f56bfc062723c751e8b465ee728b)  -> (artifact id: '8798ab64ac0b13b81598dd0a0fce7e79') in 0.023057 seconds 
========================================================================
Received Import Request.
  Time since last request: 1.967084 seconds.
  path: Assets/Plane Fighter Assets/Plane Assets/Resources/EnemyAir/bomber.prefab
  artifactKey: Guid(6766175015c6be145869a83cfbc28f9e) Importer(815301076,1909f56bfc062723c751e8b465ee728b)
Start importing Assets/Plane Fighter Assets/Plane Assets/Resources/EnemyAir/bomber.prefab using Guid(6766175015c6be145869a83cfbc28f9e) Importer(815301076,1909f56bfc062723c751e8b465ee728b)  -> (artifact id: '617d81ea86f99bb58aad902e52af0e76') in 0.177943 seconds 
========================================================================
Received Import Request.
  Time since last request: 70.031847 seconds.
  path: Assets/Plane Fighter Assets/Plane Assets/Resources/EnemyAir/plane.prefab
  artifactKey: Guid(b0807e9ce38eec54385f98cca3183643) Importer(815301076,1909f56bfc062723c751e8b465ee728b)
Start importing Assets/Plane Fighter Assets/Plane Assets/Resources/EnemyAir/plane.prefab using Guid(b0807e9ce38eec54385f98cca3183643) Importer(815301076,1909f56bfc062723c751e8b465ee728b)  -> (artifact id: '6dbf43d1e632b3e8023ce7668dc1f1ec') in 0.186233 seconds 
========================================================================
Received Import Request.
  Time since last request: 14.088351 seconds.
  path: Assets/Plane Fighter Assets/Plane Assets/Area730
  artifactKey: Guid(d8ba914736782b04393b1490f72e5a43) Importer(815301076,1909f56bfc062723c751e8b465ee728b)
Start importing Assets/Plane Fighter Assets/Plane Assets/Area730 using Guid(d8ba914736782b04393b1490f72e5a43) Importer(815301076,1909f56bfc062723c751e8b465ee728b)  -> (artifact id: '953fc8697ce400e4a1a8b9b583078897') in 0.037259 seconds 
========================================================================
Received Import Request.
  Time since last request: 0.953916 seconds.
  path: Assets/Plane Fighter Assets/Plane Assets/AxeyWorks
  artifactKey: Guid(b428f5e2cdb17b04c82eadd6dc7ac3b3) Importer(815301076,1909f56bfc062723c751e8b465ee728b)
Start importing Assets/Plane Fighter Assets/Plane Assets/AxeyWorks using Guid(b428f5e2cdb17b04c82eadd6dc7ac3b3) Importer(815301076,1909f56bfc062723c751e8b465ee728b)  -> (artifact id: 'adfdbc607f6b655f7058c632d15d0ca7') in 0.034742 seconds 
========================================================================
Received Import Request.
  Time since last request: 9.354617 seconds.
  path: Assets/Plane Fighter Assets/Plane Assets/Resources
  artifactKey: Guid(20d045c77146db8428632c664344412b) Importer(815301076,1909f56bfc062723c751e8b465ee728b)
Start importing Assets/Plane Fighter Assets/Plane Assets/Resources using Guid(20d045c77146db8428632c664344412b) Importer(815301076,1909f56bfc062723c751e8b465ee728b)  -> (artifact id: '94d340bf9fb39763c0b08a077d36d590') in 0.008838 seconds 
========================================================================
Received Import Request.
  Time since last request: 2.041691 seconds.
  path: Assets/Plane Fighter Assets/Plane Assets/Resources/Clouds
  artifactKey: Guid(55bbce77c6f0d4641b972ecd6ccddd37) Importer(815301076,1909f56bfc062723c751e8b465ee728b)
Start importing Assets/Plane Fighter Assets/Plane Assets/Resources/Clouds using Guid(55bbce77c6f0d4641b972ecd6ccddd37) Importer(815301076,1909f56bfc062723c751e8b465ee728b)  -> (artifact id: '07aff35788563715f8c91d628c59513f') in 0.029743 seconds 
========================================================================
Received Import Request.
  Time since last request: 1.556763 seconds.
  path: Assets/Plane Fighter Assets/Plane Assets/Resources/Balloons/airhot.prefab
  artifactKey: Guid(2fb9e9ec89ce54745beee94ab30b741c) Importer(815301076,1909f56bfc062723c751e8b465ee728b)
Start importing Assets/Plane Fighter Assets/Plane Assets/Resources/Balloons/airhot.prefab using Guid(2fb9e9ec89ce54745beee94ab30b741c) Importer(815301076,1909f56bfc062723c751e8b465ee728b)  -> (artifact id: '492a8d54be4bc9cc1617099ad6105b46') in 0.012511 seconds 
========================================================================
Received Import Request.
  Time since last request: 9.023840 seconds.
  path: Assets/Plane Fighter Assets/Plane Assets/Resources/Clouds/BigThinClouds.prefab
  artifactKey: Guid(ce9d800ab028ba74784432a159bf3e7c) Importer(815301076,1909f56bfc062723c751e8b465ee728b)
Start importing Assets/Plane Fighter Assets/Plane Assets/Resources/Clouds/BigThinClouds.prefab using Guid(ce9d800ab028ba74784432a159bf3e7c) Importer(815301076,1909f56bfc062723c751e8b465ee728b)  -> (artifact id: '1b5bcd2fef02aa06a106d7bd9e369b48') in 0.062919 seconds 
========================================================================
Received Import Request.
  Time since last request: 8.643757 seconds.
  path: Assets/Plane Fighter Assets/Plane Assets/Resources/Clouds/BigWideClouds.prefab
  artifactKey: Guid(79e40628a5ee20647b535a2dd32e46d5) Importer(815301076,1909f56bfc062723c751e8b465ee728b)
Start importing Assets/Plane Fighter Assets/Plane Assets/Resources/Clouds/BigWideClouds.prefab using Guid(79e40628a5ee20647b535a2dd32e46d5) Importer(815301076,1909f56bfc062723c751e8b465ee728b)  -> (artifact id: '891f3fa439979b4cde77cf3f430d946d') in 0.070870 seconds 
========================================================================
Received Import Request.
  Time since last request: 0.551551 seconds.
  path: Assets/Plane Fighter Assets/Plane Assets/Resources/Clouds/BigThinClouds.prefab
  artifactKey: Guid(ce9d800ab028ba74784432a159bf3e7c) Importer(815301076,1909f56bfc062723c751e8b465ee728b)
Start importing Assets/Plane Fighter Assets/Plane Assets/Resources/Clouds/BigThinClouds.prefab using Guid(ce9d800ab028ba74784432a159bf3e7c) Importer(815301076,1909f56bfc062723c751e8b465ee728b)  -> (artifact id: '7167af80d411427eb54406b2deaeb4e3') in 0.010929 seconds 
========================================================================
Received Import Request.
  Time since last request: 10.649453 seconds.
  path: Assets/Plane Fighter Assets/Plane Assets/Resources/Clouds/BigWideClouds.prefab
  artifactKey: Guid(79e40628a5ee20647b535a2dd32e46d5) Importer(815301076,1909f56bfc062723c751e8b465ee728b)
Start importing Assets/Plane Fighter Assets/Plane Assets/Resources/Clouds/BigWideClouds.prefab using Guid(79e40628a5ee20647b535a2dd32e46d5) Importer(815301076,1909f56bfc062723c751e8b465ee728b)  -> (artifact id: '9ce2f75cda211b2f5c3bf17fc86141cb') in 0.012070 seconds 
========================================================================
Received Import Request.
  Time since last request: 3.632314 seconds.
  path: Assets/Plane Fighter Assets/Plane Assets/Resources/Clouds/MediumClouds 1.prefab
  artifactKey: Guid(98133fe9dcf2d4f4f9acf6554d156dd2) Importer(815301076,1909f56bfc062723c751e8b465ee728b)
Start importing Assets/Plane Fighter Assets/Plane Assets/Resources/Clouds/MediumClouds 1.prefab using Guid(98133fe9dcf2d4f4f9acf6554d156dd2) Importer(815301076,1909f56bfc062723c751e8b465ee728b)  -> (artifact id: 'a40ba46a257fda9f680f636b6b8fad96') in 0.041099 seconds 
========================================================================
Received Import Request.
  Time since last request: 11.927057 seconds.
  path: Assets/Plane Fighter Assets/Plane Assets/Resources/Clouds/MediumClouds 1.prefab
  artifactKey: Guid(98133fe9dcf2d4f4f9acf6554d156dd2) Importer(815301076,1909f56bfc062723c751e8b465ee728b)
Start importing Assets/Plane Fighter Assets/Plane Assets/Resources/Clouds/MediumClouds 1.prefab using Guid(98133fe9dcf2d4f4f9acf6554d156dd2) Importer(815301076,1909f56bfc062723c751e8b465ee728b)  -> (artifact id: '9ad4ede3541457413dbac4cf7ec1a6ed') in 0.011618 seconds 
========================================================================
Received Import Request.
  Time since last request: 7.554087 seconds.
  path: Assets/Plane Fighter Assets/Plane Assets/Resources/Clouds/MediumClouds.prefab
  artifactKey: Guid(ff405915deb50c848a50e483b0914d78) Importer(815301076,1909f56bfc062723c751e8b465ee728b)
Start importing Assets/Plane Fighter Assets/Plane Assets/Resources/Clouds/MediumClouds.prefab using Guid(ff405915deb50c848a50e483b0914d78) Importer(815301076,1909f56bfc062723c751e8b465ee728b)  -> (artifact id: '63006e880236e7b00fe30d0684b76899') in 0.094244 seconds 
========================================================================
Received Import Request.
  Time since last request: 8.243294 seconds.
  path: Assets/Plane Fighter Assets/Plane Assets/Resources/Clouds/MediumThinClouds.prefab
  artifactKey: Guid(ae3c4d0a732223e45bf99e36755ff13a) Importer(815301076,1909f56bfc062723c751e8b465ee728b)
Start importing Assets/Plane Fighter Assets/Plane Assets/Resources/Clouds/MediumThinClouds.prefab using Guid(ae3c4d0a732223e45bf99e36755ff13a) Importer(815301076,1909f56bfc062723c751e8b465ee728b)  -> (artifact id: '9d1a95e789aad938248005ef65a54c56') in 0.053868 seconds 
========================================================================
Received Import Request.
  Time since last request: 0.536992 seconds.
  path: Assets/Plane Fighter Assets/Plane Assets/Resources/Clouds/MediumClouds.prefab
  artifactKey: Guid(ff405915deb50c848a50e483b0914d78) Importer(815301076,1909f56bfc062723c751e8b465ee728b)
Start importing Assets/Plane Fighter Assets/Plane Assets/Resources/Clouds/MediumClouds.prefab using Guid(ff405915deb50c848a50e483b0914d78) Importer(815301076,1909f56bfc062723c751e8b465ee728b)  -> (artifact id: 'cf4962db49e45345286c3382b61d03c7') in 0.012645 seconds 
========================================================================
Received Import Request.
  Time since last request: 15.411556 seconds.
  path: Assets/Plane Fighter Assets/Plane Assets/Resources/Clouds/MediumThinClouds.prefab
  artifactKey: Guid(ae3c4d0a732223e45bf99e36755ff13a) Importer(815301076,1909f56bfc062723c751e8b465ee728b)
Start importing Assets/Plane Fighter Assets/Plane Assets/Resources/Clouds/MediumThinClouds.prefab using Guid(ae3c4d0a732223e45bf99e36755ff13a) Importer(815301076,1909f56bfc062723c751e8b465ee728b)  -> (artifact id: 'a5395dc1ec4eab2a7be039482aa05399') in 0.012077 seconds 
========================================================================
Received Import Request.
  Time since last request: 2.515246 seconds.
  path: Assets/Plane Fighter Assets/Plane Assets/Resources/Clouds/SmallClouds.prefab
  artifactKey: Guid(8d507505167e84f468866688d038916f) Importer(815301076,1909f56bfc062723c751e8b465ee728b)
Start importing Assets/Plane Fighter Assets/Plane Assets/Resources/Clouds/SmallClouds.prefab using Guid(8d507505167e84f468866688d038916f) Importer(815301076,1909f56bfc062723c751e8b465ee728b)  -> (artifact id: '19d3c258d85d935d72f1f769750ef98b') in 0.019704 seconds 
========================================================================
Received Import Request.
  Time since last request: 7.640114 seconds.
  path: Assets/Plane Fighter Assets/Plane Assets/Resources/Clouds/SmallClouds.prefab
  artifactKey: Guid(8d507505167e84f468866688d038916f) Importer(815301076,1909f56bfc062723c751e8b465ee728b)
Start importing Assets/Plane Fighter Assets/Plane Assets/Resources/Clouds/SmallClouds.prefab using Guid(8d507505167e84f468866688d038916f) Importer(815301076,1909f56bfc062723c751e8b465ee728b)  -> (artifact id: 'ae64fed35e715f83cd7b99a35b5806f2') in 0.013181 seconds 
========================================================================
Received Import Request.
  Time since last request: 3.374906 seconds.
  path: Assets/Plane Fighter Assets/Plane Assets/Resources/Clouds/SwirlClouds.prefab
  artifactKey: Guid(19ee2686eeab8324bb357bb07b3e3c0e) Importer(815301076,1909f56bfc062723c751e8b465ee728b)
Start importing Assets/Plane Fighter Assets/Plane Assets/Resources/Clouds/SwirlClouds.prefab using Guid(19ee2686eeab8324bb357bb07b3e3c0e) Importer(815301076,1909f56bfc062723c751e8b465ee728b)  -> (artifact id: '2e0f2121e45d2fa3eddcaaabf4382201') in 0.017899 seconds 
========================================================================
Received Import Request.
  Time since last request: 12.491662 seconds.
  path: Assets/Plane Fighter Assets/Plane Assets/Resources/EnemyAir/bomber.prefab
  artifactKey: Guid(6766175015c6be145869a83cfbc28f9e) Importer(815301076,1909f56bfc062723c751e8b465ee728b)
Start importing Assets/Plane Fighter Assets/Plane Assets/Resources/EnemyAir/bomber.prefab using Guid(6766175015c6be145869a83cfbc28f9e) Importer(815301076,1909f56bfc062723c751e8b465ee728b)  -> (artifact id: '606bb6e9c6fdc4892e896c47f0508cfd') in 0.014107 seconds 
========================================================================
Received Import Request.
  Time since last request: 48.719418 seconds.
  path: Assets/Plane Fighter Assets/Plane Assets/Resources/EnemyAir/warplane.prefab
  artifactKey: Guid(d2dd5dcc0f94532438889308a2a62953) Importer(815301076,1909f56bfc062723c751e8b465ee728b)
Start importing Assets/Plane Fighter Assets/Plane Assets/Resources/EnemyAir/warplane.prefab using Guid(d2dd5dcc0f94532438889308a2a62953) Importer(815301076,1909f56bfc062723c751e8b465ee728b)  -> (artifact id: '8bc2d9fed08394d4a4a9142de7cb5aa6') in 0.278895 seconds 
========================================================================
Received Import Request.
  Time since last request: 24.788098 seconds.
  path: Assets/Plane Fighter Assets/Plane Assets/Resources/EnemyAir/warplane.prefab
  artifactKey: Guid(d2dd5dcc0f94532438889308a2a62953) Importer(815301076,1909f56bfc062723c751e8b465ee728b)
Start importing Assets/Plane Fighter Assets/Plane Assets/Resources/EnemyAir/warplane.prefab using Guid(d2dd5dcc0f94532438889308a2a62953) Importer(815301076,1909f56bfc062723c751e8b465ee728b)  -> (artifact id: '074590a02676d0481b6d96bbbfc3f738') in 0.016896 seconds 
========================================================================
Received Import Request.
  Time since last request: 8.319443 seconds.
  path: Assets/Plane Fighter Assets/Plane Assets/Resources/EnemyAir/plane.prefab
  artifactKey: Guid(b0807e9ce38eec54385f98cca3183643) Importer(815301076,1909f56bfc062723c751e8b465ee728b)
Start importing Assets/Plane Fighter Assets/Plane Assets/Resources/EnemyAir/plane.prefab using Guid(b0807e9ce38eec54385f98cca3183643) Importer(815301076,1909f56bfc062723c751e8b465ee728b)  -> (artifact id: 'a0f987abef99615788337e17af51f566') in 0.015649 seconds 
========================================================================
Received Import Request.
  Time since last request: 6.704968 seconds.
  path: Assets/Plane Fighter Assets/Plane Assets/Resources/Islands
  artifactKey: Guid(f424c4d984c0149aaa2dab715b358d4c) Importer(815301076,1909f56bfc062723c751e8b465ee728b)
Start importing Assets/Plane Fighter Assets/Plane Assets/Resources/Islands using Guid(f424c4d984c0149aaa2dab715b358d4c) Importer(815301076,1909f56bfc062723c751e8b465ee728b)  -> (artifact id: '5f42f5b507a502667e320eccb583c5eb') in 0.029806 seconds 
========================================================================
Received Import Request.
  Time since last request: 8.701444 seconds.
  path: Assets/Plane Fighter Assets/Plane Assets/Resources/Islands/Island2.prefab
  artifactKey: Guid(cfbfbcc1af746be4eae60f74fff630e7) Importer(815301076,1909f56bfc062723c751e8b465ee728b)
Start importing Assets/Plane Fighter Assets/Plane Assets/Resources/Islands/Island2.prefab using Guid(cfbfbcc1af746be4eae60f74fff630e7) Importer(815301076,1909f56bfc062723c751e8b465ee728b)  -> (artifact id: 'c4530a7aa7a9b4a4765eeb6c15afdde9') in 0.459934 seconds 
========================================================================
Received Import Request.
  Time since last request: 1.646388 seconds.
  path: Assets/Plane Fighter Assets/Plane Assets/Resources/Islands/Island3.prefab
  artifactKey: Guid(e64d2fe93f6d081408300540b7d4f569) Importer(815301076,1909f56bfc062723c751e8b465ee728b)
Start importing Assets/Plane Fighter Assets/Plane Assets/Resources/Islands/Island3.prefab using Guid(e64d2fe93f6d081408300540b7d4f569) Importer(815301076,1909f56bfc062723c751e8b465ee728b)  -> (artifact id: '60c33ef3604640fcf4736fc21b7aca5b') in 1.971292 seconds 
========================================================================
Received Import Request.
  Time since last request: 2.590313 seconds.
  path: Assets/Plane Fighter Assets/Plane Assets/Resources/PickUps
  artifactKey: Guid(3183dcd24e0014a09aa62a937e0ecd9d) Importer(815301076,1909f56bfc062723c751e8b465ee728b)
Start importing Assets/Plane Fighter Assets/Plane Assets/Resources/PickUps using Guid(3183dcd24e0014a09aa62a937e0ecd9d) Importer(815301076,1909f56bfc062723c751e8b465ee728b)  -> (artifact id: '7f288f7dfbf3546ec8e4f695fe442082') in 0.089347 seconds 
========================================================================
Received Import Request.
  Time since last request: 1.952782 seconds.
  path: Assets/Plane Fighter Assets/Plane Assets/Resources/PickUps/BlueScoreMultiplier.prefab
  artifactKey: Guid(59fbb7742acb8414bb7e449fd601c421) Importer(815301076,1909f56bfc062723c751e8b465ee728b)
Start importing Assets/Plane Fighter Assets/Plane Assets/Resources/PickUps/BlueScoreMultiplier.prefab using Guid(59fbb7742acb8414bb7e449fd601c421) Importer(815301076,1909f56bfc062723c751e8b465ee728b)  -> (artifact id: '8e3084514e8075f6503d6d5790f7913c') in 0.140546 seconds 
========================================================================
Received Import Request.
  Time since last request: 15.856405 seconds.
  path: Assets/Plane Fighter Assets/Plane Assets/Resources/PickUps/BlueScoreMultiplier.prefab
  artifactKey: Guid(59fbb7742acb8414bb7e449fd601c421) Importer(815301076,1909f56bfc062723c751e8b465ee728b)
Start importing Assets/Plane Fighter Assets/Plane Assets/Resources/PickUps/BlueScoreMultiplier.prefab using Guid(59fbb7742acb8414bb7e449fd601c421) Importer(815301076,1909f56bfc062723c751e8b465ee728b)  -> (artifact id: '7423672c638cd2911386504b7ec83007') in 0.009346 seconds 
========================================================================
Received Import Request.
  Time since last request: 3.313688 seconds.
  path: Assets/Plane Fighter Assets/Plane Assets/Resources/PickUps/Fuel.prefab
  artifactKey: Guid(0c24869f38aec714aa431ec3943225d5) Importer(815301076,1909f56bfc062723c751e8b465ee728b)
Start importing Assets/Plane Fighter Assets/Plane Assets/Resources/PickUps/Fuel.prefab using Guid(0c24869f38aec714aa431ec3943225d5) Importer(815301076,1909f56bfc062723c751e8b465ee728b)  -> (artifact id: '5c820d3554d59ebe2489363dcba423ce') in 0.125989 seconds 
========================================================================
Received Import Request.
  Time since last request: 10.419852 seconds.
  path: Assets/Plane Fighter Assets/Plane Assets/Resources/PickUps/RedScoreMultiplie.prefab
  artifactKey: Guid(13176e4b6a3dd41839be5925ddde3403) Importer(815301076,1909f56bfc062723c751e8b465ee728b)
Start importing Assets/Plane Fighter Assets/Plane Assets/Resources/PickUps/RedScoreMultiplie.prefab using Guid(13176e4b6a3dd41839be5925ddde3403) Importer(815301076,1909f56bfc062723c751e8b465ee728b)  -> (artifact id: '438b59c55d56246e90cae9ecede69b11') in 0.046656 seconds 
========================================================================
Received Import Request.
  Time since last request: 13.422317 seconds.
  path: Assets/Plane Fighter Assets/Plane Assets/Resources/PickUps/RedScoreMultiplie.prefab
  artifactKey: Guid(13176e4b6a3dd41839be5925ddde3403) Importer(815301076,1909f56bfc062723c751e8b465ee728b)
Start importing Assets/Plane Fighter Assets/Plane Assets/Resources/PickUps/RedScoreMultiplie.prefab using Guid(13176e4b6a3dd41839be5925ddde3403) Importer(815301076,1909f56bfc062723c751e8b465ee728b)  -> (artifact id: 'a840bb22fe54cebcbf972c060c055b40') in 0.027640 seconds 
========================================================================
Received Import Request.
  Time since last request: 3.516681 seconds.
  path: Assets/Plane Fighter Assets/Plane Assets/Resources/PickUps/ScoreBooster.prefab
  artifactKey: Guid(22c6979749a6e8c4fb0abb2a3520f4c8) Importer(815301076,1909f56bfc062723c751e8b465ee728b)
Start importing Assets/Plane Fighter Assets/Plane Assets/Resources/PickUps/ScoreBooster.prefab using Guid(22c6979749a6e8c4fb0abb2a3520f4c8) Importer(815301076,1909f56bfc062723c751e8b465ee728b)  -> (artifact id: '67f20d5a7bbb72b87ddfe4c99748e19c') in 0.034118 seconds 
========================================================================
Received Import Request.
  Time since last request: 9.529978 seconds.
  path: Assets/Plane Fighter Assets/Plane Assets/Resources/PickUps/SpeedBooster.prefab
  artifactKey: Guid(24c2af852385269449436c83bcfb5c37) Importer(815301076,1909f56bfc062723c751e8b465ee728b)
Start importing Assets/Plane Fighter Assets/Plane Assets/Resources/PickUps/SpeedBooster.prefab using Guid(24c2af852385269449436c83bcfb5c37) Importer(815301076,1909f56bfc062723c751e8b465ee728b)  -> (artifact id: 'dcde432a7b7269688aca66d5946f765e') in 0.018455 seconds 
========================================================================
Received Import Request.
  Time since last request: 10.844456 seconds.
  path: Assets/Plane Fighter Assets/Plane Assets/Resources/Player
  artifactKey: Guid(a51fa833eb4909544b2c97d715d0e752) Importer(815301076,1909f56bfc062723c751e8b465ee728b)
Start importing Assets/Plane Fighter Assets/Plane Assets/Resources/Player using Guid(a51fa833eb4909544b2c97d715d0e752) Importer(815301076,1909f56bfc062723c751e8b465ee728b)  -> (artifact id: '31ea8ee698a85c7dbeedbe18a3eb3ad9') in 0.057650 seconds 
========================================================================
Received Import Request.
  Time since last request: 12.227802 seconds.
  path: Assets/Plane Fighter Assets/Plane Assets/Resources/PickUps/ScoreBooster.prefab
  artifactKey: Guid(22c6979749a6e8c4fb0abb2a3520f4c8) Importer(815301076,1909f56bfc062723c751e8b465ee728b)
Start importing Assets/Plane Fighter Assets/Plane Assets/Resources/PickUps/ScoreBooster.prefab using Guid(22c6979749a6e8c4fb0abb2a3520f4c8) Importer(815301076,1909f56bfc062723c751e8b465ee728b)  -> (artifact id: '1e89bc9d347e06c6b733544c4081d348') in 0.010245 seconds 
========================================================================
Received Import Request.
  Time since last request: 2.963732 seconds.
  path: Assets/Plane Fighter Assets/Plane Assets/Resources/PickUps/SpeedBooster.prefab
  artifactKey: Guid(24c2af852385269449436c83bcfb5c37) Importer(815301076,1909f56bfc062723c751e8b465ee728b)
Start importing Assets/Plane Fighter Assets/Plane Assets/Resources/PickUps/SpeedBooster.prefab using Guid(24c2af852385269449436c83bcfb5c37) Importer(815301076,1909f56bfc062723c751e8b465ee728b)  -> (artifact id: 'f06157944c901a9c62210e4c31a05417') in 0.009269 seconds 
========================================================================
Received Import Request.
  Time since last request: 3.504243 seconds.
  path: Assets/Plane Fighter Assets/Plane Assets/Resources/PickUps/Fuel.prefab
  artifactKey: Guid(0c24869f38aec714aa431ec3943225d5) Importer(815301076,1909f56bfc062723c751e8b465ee728b)
Start importing Assets/Plane Fighter Assets/Plane Assets/Resources/PickUps/Fuel.prefab using Guid(0c24869f38aec714aa431ec3943225d5) Importer(815301076,1909f56bfc062723c751e8b465ee728b)  -> (artifact id: '190a0702dc2c3430b6312d97f1a9e05c') in 0.021988 seconds 
========================================================================
Received Import Request.
  Time since last request: 10.001772 seconds.
  path: Assets/Plane Fighter Assets/Plane Assets/Resources/Scenery
  artifactKey: Guid(4730f73ceb2642343bac9fa612708293) Importer(815301076,1909f56bfc062723c751e8b465ee728b)
Start importing Assets/Plane Fighter Assets/Plane Assets/Resources/Scenery using Guid(4730f73ceb2642343bac9fa612708293) Importer(815301076,1909f56bfc062723c751e8b465ee728b)  -> (artifact id: '7f59f51bc06d3758e31886df3569040c') in 0.008532 seconds 
========================================================================
Received Import Request.
  Time since last request: 2.737310 seconds.
  path: Assets/Plane Fighter Assets/Plane Assets/Resources/Scenery/Scenery1.prefab
  artifactKey: Guid(1419fabbcccf04043a5ff06496f356bc) Importer(815301076,1909f56bfc062723c751e8b465ee728b)
Start importing Assets/Plane Fighter Assets/Plane Assets/Resources/Scenery/Scenery1.prefab using Guid(1419fabbcccf04043a5ff06496f356bc) Importer(815301076,1909f56bfc062723c751e8b465ee728b)  -> (artifact id: '69f4e8be8d7ffc4059b1d22790c700a1') in 0.010943 seconds 
========================================================================
Received Import Request.
  Time since last request: 3.686006 seconds.
  path: Assets/Plane Fighter Assets/Plane Assets/Resources/Ships
  artifactKey: Guid(6205c6843b88faa478db5e2bd0acf5cb) Importer(815301076,1909f56bfc062723c751e8b465ee728b)
Start importing Assets/Plane Fighter Assets/Plane Assets/Resources/Ships using Guid(6205c6843b88faa478db5e2bd0acf5cb) Importer(815301076,1909f56bfc062723c751e8b465ee728b)  -> (artifact id: '7d84ba01599d4d9575ca46a4d2bfe9b5') in 0.010269 seconds 
========================================================================
Received Import Request.
  Time since last request: 1.329046 seconds.
  path: Assets/Plane Fighter Assets/Plane Assets/Resources/Ships/AircraftCarrier.prefab
  artifactKey: Guid(80672f411d4a59442ac3c1bef227299f) Importer(815301076,1909f56bfc062723c751e8b465ee728b)
Start importing Assets/Plane Fighter Assets/Plane Assets/Resources/Ships/AircraftCarrier.prefab using Guid(80672f411d4a59442ac3c1bef227299f) Importer(815301076,1909f56bfc062723c751e8b465ee728b)  -> (artifact id: 'cf7e4572c0d0384425fb5b47c9ba4f50') in 0.177820 seconds 
========================================================================
Received Import Request.
  Time since last request: 36.870228 seconds.
  path: Assets/Plane Fighter Assets/Plane Assets/Resources/Ships/ScoutShip.prefab
  artifactKey: Guid(776ac05bba07447ebb0501c309eacdb2) Importer(815301076,1909f56bfc062723c751e8b465ee728b)
Start importing Assets/Plane Fighter Assets/Plane Assets/Resources/Ships/ScoutShip.prefab using Guid(776ac05bba07447ebb0501c309eacdb2) Importer(815301076,1909f56bfc062723c751e8b465ee728b)  -> (artifact id: '06e9ea4813040abb6c8073bf9f71bb3a') in 0.118101 seconds 
========================================================================
Received Import Request.
  Time since last request: 0.898471 seconds.
  path: Assets/Plane Fighter Assets/Plane Assets/Resources/Ships/BattleShip.prefab
  artifactKey: Guid(6ea43b8b38d2343e4b3eb8d452fcb850) Importer(815301076,1909f56bfc062723c751e8b465ee728b)
Start importing Assets/Plane Fighter Assets/Plane Assets/Resources/Ships/BattleShip.prefab using Guid(6ea43b8b38d2343e4b3eb8d452fcb850) Importer(815301076,1909f56bfc062723c751e8b465ee728b)  -> (artifact id: 'd7713c15d8a1e0208d097a94110c8f1f') in 0.117083 seconds 
========================================================================
Received Import Request.
  Time since last request: 0.841610 seconds.
  path: Assets/Plane Fighter Assets/Plane Assets/Resources/Ships/AircraftCarrier.prefab
  artifactKey: Guid(80672f411d4a59442ac3c1bef227299f) Importer(815301076,1909f56bfc062723c751e8b465ee728b)
Start importing Assets/Plane Fighter Assets/Plane Assets/Resources/Ships/AircraftCarrier.prefab using Guid(80672f411d4a59442ac3c1bef227299f) Importer(815301076,1909f56bfc062723c751e8b465ee728b)  -> (artifact id: 'f2ad1e2c17dcac30273b4f1ade46a1c6') in 0.144343 seconds 
========================================================================
Received Import Request.
  Time since last request: 21.155362 seconds.
  path: Assets/Plane Fighter Assets/Plane Assets/Resources/Ships/ScoutShip.prefab
  artifactKey: Guid(776ac05bba07447ebb0501c309eacdb2) Importer(815301076,1909f56bfc062723c751e8b465ee728b)
Start importing Assets/Plane Fighter Assets/Plane Assets/Resources/Ships/ScoutShip.prefab using Guid(776ac05bba07447ebb0501c309eacdb2) Importer(815301076,1909f56bfc062723c751e8b465ee728b)  -> (artifact id: 'dbbab1cd8f52a413265cb35ad0b42cd5') in 0.016268 seconds 
========================================================================
Received Import Request.
  Time since last request: 1.194268 seconds.
  path: Assets/Plane Fighter Assets/Plane Assets/Resources/Ships/BattleShip.prefab
  artifactKey: Guid(6ea43b8b38d2343e4b3eb8d452fcb850) Importer(815301076,1909f56bfc062723c751e8b465ee728b)
Start importing Assets/Plane Fighter Assets/Plane Assets/Resources/Ships/BattleShip.prefab using Guid(6ea43b8b38d2343e4b3eb8d452fcb850) Importer(815301076,1909f56bfc062723c751e8b465ee728b)  -> (artifact id: '31e8ab1d936fa02eb587f6889efe5b6f') in 0.020657 seconds 
========================================================================
Received Import Request.
  Time since last request: 2.387716 seconds.
  path: Assets/Plane Fighter Assets/Plane Assets/Resources/Ships/Submarine.prefab
  artifactKey: Guid(7bc650a8a5d0e4b8598bc43eeadd9428) Importer(815301076,1909f56bfc062723c751e8b465ee728b)
Start importing Assets/Plane Fighter Assets/Plane Assets/Resources/Ships/Submarine.prefab using Guid(7bc650a8a5d0e4b8598bc43eeadd9428) Importer(815301076,1909f56bfc062723c751e8b465ee728b)  -> (artifact id: 'a8e6284163b72c1f354703e80b3226ef') in 0.074385 seconds 
========================================================================
Received Import Request.
  Time since last request: 4.647931 seconds.
  path: Assets/Plane Fighter Assets/Plane Assets/Resources/Ships/ScoutShip.prefab
  artifactKey: Guid(776ac05bba07447ebb0501c309eacdb2) Importer(815301076,1909f56bfc062723c751e8b465ee728b)
Start importing Assets/Plane Fighter Assets/Plane Assets/Resources/Ships/ScoutShip.prefab using Guid(776ac05bba07447ebb0501c309eacdb2) Importer(815301076,1909f56bfc062723c751e8b465ee728b)  -> (artifact id: '33ae18a8c5507d376520985ff8128e17') in 0.021316 seconds 
========================================================================
Received Import Request.
  Time since last request: 8.116606 seconds.
  path: Assets/Plane Fighter Assets/Plane Assets/Resources/Ships/AircraftCarrier.prefab
  artifactKey: Guid(80672f411d4a59442ac3c1bef227299f) Importer(815301076,1909f56bfc062723c751e8b465ee728b)
Start importing Assets/Plane Fighter Assets/Plane Assets/Resources/Ships/AircraftCarrier.prefab using Guid(80672f411d4a59442ac3c1bef227299f) Importer(815301076,1909f56bfc062723c751e8b465ee728b)  -> (artifact id: '1457edb58f8bdf41f05b7c80866490b0') in 0.015110 seconds 
========================================================================
Received Import Request.
  Time since last request: 16.762571 seconds.
  path: Assets/Plane Fighter Assets/Plane Assets/Resources/Ships/Submarine.prefab
  artifactKey: Guid(7bc650a8a5d0e4b8598bc43eeadd9428) Importer(815301076,1909f56bfc062723c751e8b465ee728b)
Start importing Assets/Plane Fighter Assets/Plane Assets/Resources/Ships/Submarine.prefab using Guid(7bc650a8a5d0e4b8598bc43eeadd9428) Importer(815301076,1909f56bfc062723c751e8b465ee728b)  -> (artifact id: '15fd9095f44591b253c8f1bd3a8da871') in 0.064326 seconds 
========================================================================
Received Import Request.
  Time since last request: 2.281531 seconds.
  path: Assets/Plane Fighter Assets/Plane Assets/Resources/Ships/TransportShip.prefab
  artifactKey: Guid(18893a99988e844eab626cbe89465e38) Importer(815301076,1909f56bfc062723c751e8b465ee728b)
Start importing Assets/Plane Fighter Assets/Plane Assets/Resources/Ships/TransportShip.prefab using Guid(18893a99988e844eab626cbe89465e38) Importer(815301076,1909f56bfc062723c751e8b465ee728b)  -> (artifact id: 'ab11cce6300e8addca0316b7189a1831') in 0.019736 seconds 
========================================================================
Received Import Request.
  Time since last request: 12.929452 seconds.
  path: Assets/Plane Fighter Assets/Plane Assets/Resources/Rain Basic.prefab
  artifactKey: Guid(806239bc8a47ab24dbbe5fed3cb31fb7) Importer(815301076,1909f56bfc062723c751e8b465ee728b)
Start importing Assets/Plane Fighter Assets/Plane Assets/Resources/Rain Basic.prefab using Guid(806239bc8a47ab24dbbe5fed3cb31fb7) Importer(815301076,1909f56bfc062723c751e8b465ee728b)  -> (artifact id: '4fda06094021d6b3a230e218b68b916b') in 0.280266 seconds 
========================================================================
Received Import Request.
  Time since last request: 3.066569 seconds.
  path: Assets/Plane Fighter Assets/Plane Assets/Resources/Player/transport_plane_green.prefab
  artifactKey: Guid(ee2ec783af4ba624ebfd0600b57ba722) Importer(815301076,1909f56bfc062723c751e8b465ee728b)
Start importing Assets/Plane Fighter Assets/Plane Assets/Resources/Player/transport_plane_green.prefab using Guid(ee2ec783af4ba624ebfd0600b57ba722) Importer(815301076,1909f56bfc062723c751e8b465ee728b)  -> (artifact id: 'e8a45d64e3f8e8480dc98a70e185a424') in 0.176453 seconds 
========================================================================
Received Prepare
Registering precompiled user dll's ...
Registered in 0.011231 seconds.
Begin MonoManager ReloadAssembly
Symbol file LoadedFromMemory doesn't match image C:\Users\AsusPC\Desktop\MyGames\Demo\WEB\3D\Airplane-Game\Airplane\Library\PackageCache\com.unity.visualscripting@1.7.8\Editor\VisualScripting.Core\Dependencies\DotNetZip\Unity.VisualScripting.IonicZip.dll
Symbol file LoadedFromMemory doesn't match image C:\Users\AsusPC\Desktop\MyGames\Demo\WEB\3D\Airplane-Game\Airplane\Library\PackageCache\com.unity.visualscripting@1.7.8\Editor\VisualScripting.Core\Dependencies\YamlDotNet\Unity.VisualScripting.YamlDotNet.dll
Native extension for WindowsStandalone target not found
Native extension for Android target not found
Native extension for WebGL target not found
Refreshing native plugins compatible for Editor in 1.53 ms, found 3 plugins.
Preloading 0 native plugins for Editor in 0.00 ms.
System.Reflection.AmbiguousMatchException: Ambiguous match found.
  at System.RuntimeType.GetMethodImplCommon (System.String name, System.Int32 genericParameterCount, System.Reflection.BindingFlags bindingAttr, System.Reflection.Binder binder, System.Reflection.CallingConventions callConv, System.Type[] types, System.Reflection.ParameterModifier[] modifiers) [0x00050] in <e40e5a8f982c4b618a930d29f9bd091c>:0 
  at System.RuntimeType.GetMethodImpl (System.String name, System.Reflection.BindingFlags bindingAttr, System.Reflection.Binder binder, System.Reflection.CallingConventions callConv, System.Type[] types, System.Reflection.ParameterModifier[] modifiers) [0x00000] in <e40e5a8f982c4b618a930d29f9bd091c>:0 
  at System.Type.GetMethod (System.String name, System.Reflection.BindingFlags bindingAttr) [0x0000e] in <e40e5a8f982c4b618a930d29f9bd091c>:0 
  at System.Type.GetMethod (System.String name) [0x00000] in <e40e5a8f982c4b618a930d29f9bd091c>:0 
  at GooglePlayServices.UnityCompat.get_Unity56AndAboveApplicationIdentifier () [0x00000] in <1877a7de1fce4dbf9ed2d0e651eb9a0e>:0 
  at GooglePlayServices.UnityCompat.get_ApplicationId () [0x00000] in <1877a7de1fce4dbf9ed2d0e651eb9a0e>:0 
  at GooglePlayServices.PlayServicesResolver..cctor () [0x0002a] in <1877a7de1fce4dbf9ed2d0e651eb9a0e>:0 
UnityEngine.StackTraceUtility:ExtractStackTrace ()
UnityEngine.DebugLogHandler:LogFormat (UnityEngine.LogType,UnityEngine.Object,string,object[])
UnityEngine.Logger:Log (UnityEngine.LogType,object)
UnityEngine.Debug:LogError (object)
UnityEditor.EditorAssemblies:ProcessInitializeOnLoadAttributes (System.Type[])

Mono: successfully reloaded assembly
- Completed reload, in  1.347 seconds
Domain Reload Profiling:
	ReloadAssembly (1348ms)
		BeginReloadAssembly (170ms)
			ExecutionOrderSort (0ms)
			DisableScriptedObjects (7ms)
			BackupInstance (0ms)
			ReleaseScriptingObjects (0ms)
			CreateAndSetChildDomain (46ms)
		EndReloadAssembly (1050ms)
			LoadAssemblies (120ms)
			RebuildTransferFunctionScriptingTraits (0ms)
			SetupTypeCache (332ms)
			ReleaseScriptCaches (1ms)
			RebuildScriptCaches (45ms)
			SetupLoadedEditorAssemblies (512ms)
				LogAssemblyErrors (0ms)
				InitializePlatformSupportModulesInManaged (36ms)
				SetLoadedEditorAssemblies (1ms)
				RefreshPlugins (2ms)
				BeforeProcessingInitializeOnLoad (86ms)
				ProcessInitializeOnLoadAttributes (349ms)
				ProcessInitializeOnLoadMethodAttributes (28ms)
				AfterProcessingInitializeOnLoad (10ms)
				EditorAssembliesLoaded (0ms)
			ExecutionOrderSort2 (0ms)
			AwakeInstancesAfterBackupRestoration (7ms)
Platform modules already initialized, skipping
Refreshing native plugins compatible for Editor in 5.03 ms, found 3 plugins.
Preloading 0 native plugins for Editor in 0.00 ms.
Unloading 3496 Unused Serialized files (Serialized files now loaded: 0)
Unloading 50 unused Assets / (0.7 MB). Loaded Objects now: 4036.
Memory consumption went from 140.1 MB to 139.4 MB.
Total: 4.327400 ms (FindLiveObjects: 0.310500 ms CreateObjectMapping: 0.197800 ms MarkObjects: 3.439300 ms  DeleteObjects: 0.378600 ms)

AssetImportParameters requested are different than current active one (requested -> active):
  custom:video-decoder-ogg-theora: a1e56fd34408186e4bbccfd4996cb3dc -> 
  custom:container-muxer-webm: aa71ff27fc2769a1b78a27578f13a17b -> 
  custom:container-demuxer-webm: 4f35f7cbe854078d1ac9338744f61a02 -> 
  custom:video-encoder-webm-vp8: eb34c28f22e8b96e1ab97ce403110664 -> 
  custom:video-codec-MediaFoundation-h265: 746d11721c4dcdbdad8f713fa42b33f4 -> 
  custom:audio-encoder-webm-vorbis: bf7c407c2cedff20999df2af8eb42d56 -> 
  custom:framework-win-MediaFoundation: 216162199b28c13a410421893ffa2e32 -> 
  custom:container-demuxer-ogg: 62fdf1f143b41e24485cea50d1cbac27 -> 
  custom:video-decoder-webm-vp8: 9c59270c3fd7afecdb556c50c9e8de78 -> 
  custom:audio-decoder-ogg-vorbis: bf7c407c2cedff20999df2af8eb42d56 -> 
========================================================================
Received Import Request.
  Time since last request: 68.780315 seconds.
  path: Assets/Plane Fighter Assets/Plane Assets/Resources/Player/transport_plane_green.prefab
  artifactKey: Guid(ee2ec783af4ba624ebfd0600b57ba722) Importer(815301076,1909f56bfc062723c751e8b465ee728b)
Start importing Assets/Plane Fighter Assets/Plane Assets/Resources/Player/transport_plane_green.prefab using Guid(ee2ec783af4ba624ebfd0600b57ba722) Importer(815301076,1909f56bfc062723c751e8b465ee728b)  -> (artifact id: 'b9dec1a66332b353b4271b575632c299') in 0.179758 seconds 
========================================================================
Received Prepare
Registering precompiled user dll's ...
Registered in 0.010250 seconds.
Begin MonoManager ReloadAssembly
Symbol file LoadedFromMemory doesn't match image C:\Users\AsusPC\Desktop\MyGames\Demo\WEB\3D\Airplane-Game\Airplane\Library\PackageCache\com.unity.visualscripting@1.7.8\Editor\VisualScripting.Core\Dependencies\DotNetZip\Unity.VisualScripting.IonicZip.dll
Symbol file LoadedFromMemory doesn't match image C:\Users\AsusPC\Desktop\MyGames\Demo\WEB\3D\Airplane-Game\Airplane\Library\PackageCache\com.unity.visualscripting@1.7.8\Editor\VisualScripting.Core\Dependencies\YamlDotNet\Unity.VisualScripting.YamlDotNet.dll
Native extension for WindowsStandalone target not found
Native extension for Android target not found
Native extension for WebGL target not found
Refreshing native plugins compatible for Editor in 1.68 ms, found 3 plugins.
Preloading 0 native plugins for Editor in 0.00 ms.
System.Reflection.AmbiguousMatchException: Ambiguous match found.
  at System.RuntimeType.GetMethodImplCommon (System.String name, System.Int32 genericParameterCount, System.Reflection.BindingFlags bindingAttr, System.Reflection.Binder binder, System.Reflection.CallingConventions callConv, System.Type[] types, System.Reflection.ParameterModifier[] modifiers) [0x00050] in <e40e5a8f982c4b618a930d29f9bd091c>:0 
  at System.RuntimeType.GetMethodImpl (System.String name, System.Reflection.BindingFlags bindingAttr, System.Reflection.Binder binder, System.Reflection.CallingConventions callConv, System.Type[] types, System.Reflection.ParameterModifier[] modifiers) [0x00000] in <e40e5a8f982c4b618a930d29f9bd091c>:0 
  at System.Type.GetMethod (System.String name, System.Reflection.BindingFlags bindingAttr) [0x0000e] in <e40e5a8f982c4b618a930d29f9bd091c>:0 
  at System.Type.GetMethod (System.String name) [0x00000] in <e40e5a8f982c4b618a930d29f9bd091c>:0 
  at GooglePlayServices.UnityCompat.get_Unity56AndAboveApplicationIdentifier () [0x00000] in <1877a7de1fce4dbf9ed2d0e651eb9a0e>:0 
  at GooglePlayServices.UnityCompat.get_ApplicationId () [0x00000] in <1877a7de1fce4dbf9ed2d0e651eb9a0e>:0 
  at GooglePlayServices.PlayServicesResolver..cctor () [0x0002a] in <1877a7de1fce4dbf9ed2d0e651eb9a0e>:0 
UnityEngine.StackTraceUtility:ExtractStackTrace ()
UnityEngine.DebugLogHandler:LogFormat (UnityEngine.LogType,UnityEngine.Object,string,object[])
UnityEngine.Logger:Log (UnityEngine.LogType,object)
UnityEngine.Debug:LogError (object)
UnityEditor.EditorAssemblies:ProcessInitializeOnLoadAttributes (System.Type[])

Mono: successfully reloaded assembly
- Completed reload, in  1.627 seconds
Domain Reload Profiling:
	ReloadAssembly (1629ms)
		BeginReloadAssembly (172ms)
			ExecutionOrderSort (0ms)
			DisableScriptedObjects (6ms)
			BackupInstance (0ms)
			ReleaseScriptingObjects (0ms)
			CreateAndSetChildDomain (51ms)
		EndReloadAssembly (1328ms)
			LoadAssemblies (122ms)
			RebuildTransferFunctionScriptingTraits (0ms)
			SetupTypeCache (325ms)
			ReleaseScriptCaches (1ms)
			RebuildScriptCaches (47ms)
			SetupLoadedEditorAssemblies (760ms)
				LogAssemblyErrors (0ms)
				InitializePlatformSupportModulesInManaged (44ms)
				SetLoadedEditorAssemblies (1ms)
				RefreshPlugins (2ms)
				BeforeProcessingInitializeOnLoad (128ms)
				ProcessInitializeOnLoadAttributes (520ms)
				ProcessInitializeOnLoadMethodAttributes (48ms)
				AfterProcessingInitializeOnLoad (16ms)
				EditorAssembliesLoaded (1ms)
			ExecutionOrderSort2 (0ms)
			AwakeInstancesAfterBackupRestoration (11ms)
Platform modules already initialized, skipping
Refreshing native plugins compatible for Editor in 5.89 ms, found 3 plugins.
Preloading 0 native plugins for Editor in 0.00 ms.
Unloading 3496 Unused Serialized files (Serialized files now loaded: 0)
Unloading 48 unused Assets / (0.7 MB). Loaded Objects now: 4039.
Memory consumption went from 140.1 MB to 139.4 MB.
Total: 5.765800 ms (FindLiveObjects: 1.000800 ms CreateObjectMapping: 0.292500 ms MarkObjects: 4.022600 ms  DeleteObjects: 0.448300 ms)

AssetImportParameters requested are different than current active one (requested -> active):
  custom:video-decoder-ogg-theora: a1e56fd34408186e4bbccfd4996cb3dc -> 
  custom:container-muxer-webm: aa71ff27fc2769a1b78a27578f13a17b -> 
  custom:container-demuxer-webm: 4f35f7cbe854078d1ac9338744f61a02 -> 
  custom:video-encoder-webm-vp8: eb34c28f22e8b96e1ab97ce403110664 -> 
  custom:video-codec-MediaFoundation-h265: 746d11721c4dcdbdad8f713fa42b33f4 -> 
  custom:audio-encoder-webm-vorbis: bf7c407c2cedff20999df2af8eb42d56 -> 
  custom:framework-win-MediaFoundation: 216162199b28c13a410421893ffa2e32 -> 
  custom:container-demuxer-ogg: 62fdf1f143b41e24485cea50d1cbac27 -> 
  custom:video-decoder-webm-vp8: 9c59270c3fd7afecdb556c50c9e8de78 -> 
  custom:audio-decoder-ogg-vorbis: bf7c407c2cedff20999df2af8eb42d56 -> 
========================================================================
Received Prepare
Registering precompiled user dll's ...
Registered in 0.008590 seconds.
Begin MonoManager ReloadAssembly
Symbol file LoadedFromMemory doesn't match image C:\Users\AsusPC\Desktop\MyGames\Demo\WEB\3D\Airplane-Game\Airplane\Library\PackageCache\com.unity.visualscripting@1.7.8\Editor\VisualScripting.Core\Dependencies\DotNetZip\Unity.VisualScripting.IonicZip.dll
Symbol file LoadedFromMemory doesn't match image C:\Users\AsusPC\Desktop\MyGames\Demo\WEB\3D\Airplane-Game\Airplane\Library\PackageCache\com.unity.visualscripting@1.7.8\Editor\VisualScripting.Core\Dependencies\YamlDotNet\Unity.VisualScripting.YamlDotNet.dll
Native extension for WindowsStandalone target not found
Native extension for Android target not found
Native extension for WebGL target not found
Refreshing native plugins compatible for Editor in 1.02 ms, found 3 plugins.
Preloading 0 native plugins for Editor in 0.00 ms.
System.Reflection.AmbiguousMatchException: Ambiguous match found.
  at System.RuntimeType.GetMethodImplCommon (System.String name, System.Int32 genericParameterCount, System.Reflection.BindingFlags bindingAttr, System.Reflection.Binder binder, System.Reflection.CallingConventions callConv, System.Type[] types, System.Reflection.ParameterModifier[] modifiers) [0x00050] in <e40e5a8f982c4b618a930d29f9bd091c>:0 
  at System.RuntimeType.GetMethodImpl (System.String name, System.Reflection.BindingFlags bindingAttr, System.Reflection.Binder binder, System.Reflection.CallingConventions callConv, System.Type[] types, System.Reflection.ParameterModifier[] modifiers) [0x00000] in <e40e5a8f982c4b618a930d29f9bd091c>:0 
  at System.Type.GetMethod (System.String name, System.Reflection.BindingFlags bindingAttr) [0x0000e] in <e40e5a8f982c4b618a930d29f9bd091c>:0 
  at System.Type.GetMethod (System.String name) [0x00000] in <e40e5a8f982c4b618a930d29f9bd091c>:0 
  at GooglePlayServices.UnityCompat.get_Unity56AndAboveApplicationIdentifier () [0x00000] in <1877a7de1fce4dbf9ed2d0e651eb9a0e>:0 
  at GooglePlayServices.UnityCompat.get_ApplicationId () [0x00000] in <1877a7de1fce4dbf9ed2d0e651eb9a0e>:0 
  at GooglePlayServices.PlayServicesResolver..cctor () [0x0002a] in <1877a7de1fce4dbf9ed2d0e651eb9a0e>:0 
UnityEngine.StackTraceUtility:ExtractStackTrace ()
UnityEngine.DebugLogHandler:LogFormat (UnityEngine.LogType,UnityEngine.Object,string,object[])
UnityEngine.Logger:Log (UnityEngine.LogType,object)
UnityEngine.Debug:LogError (object)
UnityEditor.EditorAssemblies:ProcessInitializeOnLoadAttributes (System.Type[])

Mono: successfully reloaded assembly
- Completed reload, in  1.106 seconds
Domain Reload Profiling:
	ReloadAssembly (1107ms)
		BeginReloadAssembly (140ms)
			ExecutionOrderSort (0ms)
			DisableScriptedObjects (5ms)
			BackupInstance (0ms)
			ReleaseScriptingObjects (0ms)
			CreateAndSetChildDomain (41ms)
		EndReloadAssembly (871ms)
			LoadAssemblies (151ms)
			RebuildTransferFunctionScriptingTraits (0ms)
			SetupTypeCache (255ms)
			ReleaseScriptCaches (1ms)
			RebuildScriptCaches (41ms)
			SetupLoadedEditorAssemblies (389ms)
				LogAssemblyErrors (0ms)
				InitializePlatformSupportModulesInManaged (22ms)
				SetLoadedEditorAssemblies (1ms)
				RefreshPlugins (1ms)
				BeforeProcessingInitializeOnLoad (65ms)
				ProcessInitializeOnLoadAttributes (267ms)
				ProcessInitializeOnLoadMethodAttributes (24ms)
				AfterProcessingInitializeOnLoad (8ms)
				EditorAssembliesLoaded (0ms)
			ExecutionOrderSort2 (0ms)
			AwakeInstancesAfterBackupRestoration (6ms)
Platform modules already initialized, skipping
Refreshing native plugins compatible for Editor in 5.55 ms, found 3 plugins.
Preloading 0 native plugins for Editor in 0.00 ms.
Unloading 3496 Unused Serialized files (Serialized files now loaded: 0)
Unloading 47 unused Assets / (0.7 MB). Loaded Objects now: 4042.
Memory consumption went from 140.1 MB to 139.4 MB.
Total: 18.242000 ms (FindLiveObjects: 0.272500 ms CreateObjectMapping: 0.159500 ms MarkObjects: 17.427400 ms  DeleteObjects: 0.381600 ms)

AssetImportParameters requested are different than current active one (requested -> active):
  custom:video-decoder-ogg-theora: a1e56fd34408186e4bbccfd4996cb3dc -> 
  custom:container-muxer-webm: aa71ff27fc2769a1b78a27578f13a17b -> 
  custom:container-demuxer-webm: 4f35f7cbe854078d1ac9338744f61a02 -> 
  custom:video-encoder-webm-vp8: eb34c28f22e8b96e1ab97ce403110664 -> 
  custom:video-codec-MediaFoundation-h265: 746d11721c4dcdbdad8f713fa42b33f4 -> 
  custom:audio-encoder-webm-vorbis: bf7c407c2cedff20999df2af8eb42d56 -> 
  custom:framework-win-MediaFoundation: 216162199b28c13a410421893ffa2e32 -> 
  custom:container-demuxer-ogg: 62fdf1f143b41e24485cea50d1cbac27 -> 
  custom:video-decoder-webm-vp8: 9c59270c3fd7afecdb556c50c9e8de78 -> 
  custom:audio-decoder-ogg-vorbis: bf7c407c2cedff20999df2af8eb42d56 -> 
========================================================================
Received Prepare
Registering precompiled user dll's ...
Registered in 0.009954 seconds.
Begin MonoManager ReloadAssembly
Symbol file LoadedFromMemory doesn't match image C:\Users\AsusPC\Desktop\MyGames\Demo\WEB\3D\Airplane-Game\Airplane\Library\PackageCache\com.unity.visualscripting@1.7.8\Editor\VisualScripting.Core\Dependencies\DotNetZip\Unity.VisualScripting.IonicZip.dll
Symbol file LoadedFromMemory doesn't match image C:\Users\AsusPC\Desktop\MyGames\Demo\WEB\3D\Airplane-Game\Airplane\Library\PackageCache\com.unity.visualscripting@1.7.8\Editor\VisualScripting.Core\Dependencies\YamlDotNet\Unity.VisualScripting.YamlDotNet.dll
Native extension for WindowsStandalone target not found
Native extension for Android target not found
Native extension for WebGL target not found
Refreshing native plugins compatible for Editor in 0.92 ms, found 3 plugins.
Preloading 0 native plugins for Editor in 0.00 ms.
System.Reflection.AmbiguousMatchException: Ambiguous match found.
  at System.RuntimeType.GetMethodImplCommon (System.String name, System.Int32 genericParameterCount, System.Reflection.BindingFlags bindingAttr, System.Reflection.Binder binder, System.Reflection.CallingConventions callConv, System.Type[] types, System.Reflection.ParameterModifier[] modifiers) [0x00050] in <e40e5a8f982c4b618a930d29f9bd091c>:0 
  at System.RuntimeType.GetMethodImpl (System.String name, System.Reflection.BindingFlags bindingAttr, System.Reflection.Binder binder, System.Reflection.CallingConventions callConv, System.Type[] types, System.Reflection.ParameterModifier[] modifiers) [0x00000] in <e40e5a8f982c4b618a930d29f9bd091c>:0 
  at System.Type.GetMethod (System.String name, System.Reflection.BindingFlags bindingAttr) [0x0000e] in <e40e5a8f982c4b618a930d29f9bd091c>:0 
  at System.Type.GetMethod (System.String name) [0x00000] in <e40e5a8f982c4b618a930d29f9bd091c>:0 
  at GooglePlayServices.UnityCompat.get_Unity56AndAboveApplicationIdentifier () [0x00000] in <1877a7de1fce4dbf9ed2d0e651eb9a0e>:0 
  at GooglePlayServices.UnityCompat.get_ApplicationId () [0x00000] in <1877a7de1fce4dbf9ed2d0e651eb9a0e>:0 
  at GooglePlayServices.PlayServicesResolver..cctor () [0x0002a] in <1877a7de1fce4dbf9ed2d0e651eb9a0e>:0 
UnityEngine.StackTraceUtility:ExtractStackTrace ()
UnityEngine.DebugLogHandler:LogFormat (UnityEngine.LogType,UnityEngine.Object,string,object[])
UnityEngine.Logger:Log (UnityEngine.LogType,object)
UnityEngine.Debug:LogError (object)
UnityEditor.EditorAssemblies:ProcessInitializeOnLoadAttributes (System.Type[])

Mono: successfully reloaded assembly
- Completed reload, in  1.234 seconds
Domain Reload Profiling:
	ReloadAssembly (1234ms)
		BeginReloadAssembly (142ms)
			ExecutionOrderSort (0ms)
			DisableScriptedObjects (5ms)
			BackupInstance (0ms)
			ReleaseScriptingObjects (0ms)
			CreateAndSetChildDomain (40ms)
		EndReloadAssembly (977ms)
			LoadAssemblies (110ms)
			RebuildTransferFunctionScriptingTraits (0ms)
			SetupTypeCache (327ms)
			ReleaseScriptCaches (1ms)
			RebuildScriptCaches (61ms)
			SetupLoadedEditorAssemblies (418ms)
				LogAssemblyErrors (0ms)
				InitializePlatformSupportModulesInManaged (24ms)
				SetLoadedEditorAssemblies (1ms)
				RefreshPlugins (1ms)
				BeforeProcessingInitializeOnLoad (69ms)
				ProcessInitializeOnLoadAttributes (286ms)
				ProcessInitializeOnLoadMethodAttributes (27ms)
				AfterProcessingInitializeOnLoad (8ms)
				EditorAssembliesLoaded (0ms)
			ExecutionOrderSort2 (0ms)
			AwakeInstancesAfterBackupRestoration (8ms)
Platform modules already initialized, skipping
Refreshing native plugins compatible for Editor in 4.75 ms, found 3 plugins.
Preloading 0 native plugins for Editor in 0.00 ms.
Unloading 3496 Unused Serialized files (Serialized files now loaded: 0)
Unloading 47 unused Assets / (0.7 MB). Loaded Objects now: 4045.
Memory consumption went from 140.1 MB to 139.4 MB.
Total: 3.265100 ms (FindLiveObjects: 0.302200 ms CreateObjectMapping: 0.192900 ms MarkObjects: 2.343100 ms  DeleteObjects: 0.425800 ms)

AssetImportParameters requested are different than current active one (requested -> active):
  custom:video-decoder-ogg-theora: a1e56fd34408186e4bbccfd4996cb3dc -> 
  custom:container-muxer-webm: aa71ff27fc2769a1b78a27578f13a17b -> 
  custom:container-demuxer-webm: 4f35f7cbe854078d1ac9338744f61a02 -> 
  custom:video-encoder-webm-vp8: eb34c28f22e8b96e1ab97ce403110664 -> 
  custom:video-codec-MediaFoundation-h265: 746d11721c4dcdbdad8f713fa42b33f4 -> 
  custom:audio-encoder-webm-vorbis: bf7c407c2cedff20999df2af8eb42d56 -> 
  custom:framework-win-MediaFoundation: 216162199b28c13a410421893ffa2e32 -> 
  custom:container-demuxer-ogg: 62fdf1f143b41e24485cea50d1cbac27 -> 
  custom:video-decoder-webm-vp8: 9c59270c3fd7afecdb556c50c9e8de78 -> 
  custom:audio-decoder-ogg-vorbis: bf7c407c2cedff20999df2af8eb42d56 -> 
