Using pre-set license
Built from '2021.3/staging' branch; Version is '2021.3.5f1 (40eb3a945986) revision 4254522'; Using compiler version '192829333'; Build Type 'Release'
OS: 'Windows 10  (10.0.19043) 64bit CoreSingleLanguage' Language: 'es' Physical Memory: 8042 MB
BatchMode: 1, IsHumanControllingUs: 0, StartBugReporterOnCrash: 0, Is64bit: 1, IsPro: 1

COMMAND LINE ARGUMENTS:
C:\Program Files\Unity\Hub\Editor\2021.3.5f1\Editor\Unity.exe
-adb2
-batchMode
-noUpm
-name
AssetImportWorker65
-projectPath
C:/Users/AsusPC/Desktop/MyGames/Demo/WEB/3D/Airplane-Game/Airplane
-logFile
Logs/AssetImportWorker65.log
-srvPort
58710
Successfully changed project path to: C:/Users/AsusPC/Desktop/MyGames/Demo/WEB/3D/Airplane-Game/Airplane
C:/Users/AsusPC/Desktop/MyGames/Demo/WEB/3D/Airplane-Game/Airplane
[UnityMemory] Configuration Parameters - Can be set up in boot.config
    "memorysetup-bucket-allocator-granularity=16"
    "memorysetup-bucket-allocator-bucket-count=8"
    "memorysetup-bucket-allocator-block-size=33554432"
    "memorysetup-bucket-allocator-block-count=8"
    "memorysetup-main-allocator-block-size=16777216"
    "memorysetup-thread-allocator-block-size=16777216"
    "memorysetup-gfx-main-allocator-block-size=16777216"
    "memorysetup-gfx-thread-allocator-block-size=16777216"
    "memorysetup-cache-allocator-block-size=4194304"
    "memorysetup-typetree-allocator-block-size=2097152"
    "memorysetup-profiler-bucket-allocator-granularity=16"
    "memorysetup-profiler-bucket-allocator-bucket-count=8"
    "memorysetup-profiler-bucket-allocator-block-size=33554432"
    "memorysetup-profiler-bucket-allocator-block-count=8"
    "memorysetup-profiler-allocator-block-size=16777216"
    "memorysetup-profiler-editor-allocator-block-size=1048576"
    "memorysetup-temp-allocator-size-main=16777216"
    "memorysetup-job-temp-allocator-block-size=2097152"
    "memorysetup-job-temp-allocator-block-size-background=1048576"
    "memorysetup-job-temp-allocator-reduction-small-platforms=262144"
    "memorysetup-temp-allocator-size-background-worker=32768"
    "memorysetup-temp-allocator-size-job-worker=262144"
    "memorysetup-temp-allocator-size-preload-manager=33554432"
    "memorysetup-temp-allocator-size-nav-mesh-worker=65536"
    "memorysetup-temp-allocator-size-audio-worker=65536"
    "memorysetup-temp-allocator-size-cloud-worker=32768"
    "memorysetup-temp-allocator-size-gi-baking-worker=262144"
    "memorysetup-temp-allocator-size-gfx=262144"
Refreshing native plugins compatible for Editor in 121.27 ms, found 3 plugins.
Preloading 0 native plugins for Editor in 0.00 ms.
Initialize engine version: 2021.3.5f1 (40eb3a945986)
[Subsystems] Discovering subsystems at path C:/Program Files/Unity/Hub/Editor/2021.3.5f1/Editor/Data/Resources/UnitySubsystems
[Subsystems] Discovering subsystems at path C:/Users/AsusPC/Desktop/MyGames/Demo/WEB/3D/Airplane-Game/Airplane/Assets
GfxDevice: creating device client; threaded=0; jobified=0
Direct3D:
    Version:  Direct3D 11.0 [level 11.1]
    Renderer: NVIDIA GeForce GTX 1650 (ID=0x1f91)
    Vendor:   NVIDIA
    VRAM:     3962 MB
    Driver:   30.0.15.1278
Initialize mono
Mono path[0] = 'C:/Program Files/Unity/Hub/Editor/2021.3.5f1/Editor/Data/Managed'
Mono path[1] = 'C:/Program Files/Unity/Hub/Editor/2021.3.5f1/Editor/Data/MonoBleedingEdge/lib/mono/unityjit-win32'
Mono config path = 'C:/Program Files/Unity/Hub/Editor/2021.3.5f1/Editor/Data/MonoBleedingEdge/etc'
Using monoOptions --debugger-agent=transport=dt_socket,embedding=1,server=y,suspend=n,address=127.0.0.1:56320
Begin MonoManager ReloadAssembly
Registering precompiled unity dll's ...
Register platform support module: C:/Program Files/Unity/Hub/Editor/2021.3.5f1/Editor/Data/PlaybackEngines/WebGLSupport/UnityEditor.WebGL.Extensions.dll
Register platform support module: C:/Program Files/Unity/Hub/Editor/2021.3.5f1/Editor/Data/PlaybackEngines/AndroidPlayer/UnityEditor.Android.Extensions.dll
Register platform support module: C:/Program Files/Unity/Hub/Editor/2021.3.5f1/Editor/Data/PlaybackEngines/WindowsStandaloneSupport/UnityEditor.WindowsStandalone.Extensions.dll
Registered in 0.009018 seconds.
Native extension for WindowsStandalone target not found
Native extension for Android target not found
Native extension for WebGL target not found
Refreshing native plugins compatible for Editor in 107.78 ms, found 3 plugins.
Preloading 0 native plugins for Editor in 0.00 ms.
Mono: successfully reloaded assembly
- Completed reload, in  0.744 seconds
Domain Reload Profiling:
	ReloadAssembly (745ms)
		BeginReloadAssembly (70ms)
			ExecutionOrderSort (0ms)
			DisableScriptedObjects (0ms)
			BackupInstance (0ms)
			ReleaseScriptingObjects (0ms)
			CreateAndSetChildDomain (1ms)
		EndReloadAssembly (531ms)
			LoadAssemblies (69ms)
			RebuildTransferFunctionScriptingTraits (0ms)
			SetupTypeCache (97ms)
			ReleaseScriptCaches (0ms)
			RebuildScriptCaches (47ms)
			SetupLoadedEditorAssemblies (321ms)
				LogAssemblyErrors (0ms)
				InitializePlatformSupportModulesInManaged (64ms)
				SetLoadedEditorAssemblies (0ms)
				RefreshPlugins (108ms)
				BeforeProcessingInitializeOnLoad (4ms)
				ProcessInitializeOnLoadAttributes (97ms)
				ProcessInitializeOnLoadMethodAttributes (48ms)
				AfterProcessingInitializeOnLoad (0ms)
				EditorAssembliesLoaded (0ms)
			ExecutionOrderSort2 (0ms)
			AwakeInstancesAfterBackupRestoration (0ms)
Platform modules already initialized, skipping
Registering precompiled user dll's ...
Registered in 0.009196 seconds.
Android Extension - Scanning For ADB Devices 4458 ms
Begin MonoManager ReloadAssembly
Symbol file LoadedFromMemory doesn't match image C:\Users\AsusPC\Desktop\MyGames\Demo\WEB\3D\Airplane-Game\Airplane\Library\PackageCache\com.unity.visualscripting@1.7.8\Editor\VisualScripting.Core\Dependencies\DotNetZip\Unity.VisualScripting.IonicZip.dll
Symbol file LoadedFromMemory doesn't match image C:\Users\AsusPC\Desktop\MyGames\Demo\WEB\3D\Airplane-Game\Airplane\Library\PackageCache\com.unity.visualscripting@1.7.8\Editor\VisualScripting.Core\Dependencies\YamlDotNet\Unity.VisualScripting.YamlDotNet.dll
Native extension for WindowsStandalone target not found
Native extension for Android target not found
Native extension for WebGL target not found
Refreshing native plugins compatible for Editor in 0.84 ms, found 3 plugins.
Preloading 0 native plugins for Editor in 0.00 ms.
System.Reflection.AmbiguousMatchException: Ambiguous match found.
  at System.RuntimeType.GetMethodImplCommon (System.String name, System.Int32 genericParameterCount, System.Reflection.BindingFlags bindingAttr, System.Reflection.Binder binder, System.Reflection.CallingConventions callConv, System.Type[] types, System.Reflection.ParameterModifier[] modifiers) [0x00050] in <e40e5a8f982c4b618a930d29f9bd091c>:0 
  at System.RuntimeType.GetMethodImpl (System.String name, System.Reflection.BindingFlags bindingAttr, System.Reflection.Binder binder, System.Reflection.CallingConventions callConv, System.Type[] types, System.Reflection.ParameterModifier[] modifiers) [0x00000] in <e40e5a8f982c4b618a930d29f9bd091c>:0 
  at System.Type.GetMethod (System.String name, System.Reflection.BindingFlags bindingAttr) [0x0000e] in <e40e5a8f982c4b618a930d29f9bd091c>:0 
  at System.Type.GetMethod (System.String name) [0x00000] in <e40e5a8f982c4b618a930d29f9bd091c>:0 
  at GooglePlayServices.UnityCompat.get_Unity56AndAboveApplicationIdentifier () [0x00000] in <1877a7de1fce4dbf9ed2d0e651eb9a0e>:0 
  at GooglePlayServices.UnityCompat.get_ApplicationId () [0x00000] in <1877a7de1fce4dbf9ed2d0e651eb9a0e>:0 
  at GooglePlayServices.PlayServicesResolver..cctor () [0x0002a] in <1877a7de1fce4dbf9ed2d0e651eb9a0e>:0 
UnityEngine.StackTraceUtility:ExtractStackTrace ()
UnityEngine.DebugLogHandler:LogFormat (UnityEngine.LogType,UnityEngine.Object,string,object[])
UnityEngine.Logger:Log (UnityEngine.LogType,object)
UnityEngine.Debug:LogError (object)
UnityEditor.EditorAssemblies:ProcessInitializeOnLoadAttributes (System.Type[])

Mono: successfully reloaded assembly
- Completed reload, in 19.480 seconds
Domain Reload Profiling:
	ReloadAssembly (19481ms)
		BeginReloadAssembly (143ms)
			ExecutionOrderSort (0ms)
			DisableScriptedObjects (9ms)
			BackupInstance (0ms)
			ReleaseScriptingObjects (0ms)
			CreateAndSetChildDomain (30ms)
		EndReloadAssembly (18898ms)
			LoadAssemblies (11557ms)
			RebuildTransferFunctionScriptingTraits (0ms)
			SetupTypeCache (421ms)
			ReleaseScriptCaches (1ms)
			RebuildScriptCaches (142ms)
			SetupLoadedEditorAssemblies (6746ms)
				LogAssemblyErrors (0ms)
				InitializePlatformSupportModulesInManaged (16ms)
				SetLoadedEditorAssemblies (0ms)
				RefreshPlugins (1ms)
				BeforeProcessingInitializeOnLoad (104ms)
				ProcessInitializeOnLoadAttributes (2946ms)
				ProcessInitializeOnLoadMethodAttributes (3668ms)
				AfterProcessingInitializeOnLoad (10ms)
				EditorAssembliesLoaded (0ms)
			ExecutionOrderSort2 (0ms)
			AwakeInstancesAfterBackupRestoration (6ms)
Platform modules already initialized, skipping
========================================================================
Worker process is ready to serve import requests
Launched and connected shader compiler UnityShaderCompiler.exe after 0.17 seconds
Refreshing native plugins compatible for Editor in 1.41 ms, found 3 plugins.
Preloading 0 native plugins for Editor in 0.00 ms.
Unloading 3574 Unused Serialized files (Serialized files now loaded: 0)
Unloading 56 unused Assets / (0.8 MB). Loaded Objects now: 4013.
Memory consumption went from 142.5 MB to 141.7 MB.
Total: 4.422900 ms (FindLiveObjects: 0.420500 ms CreateObjectMapping: 0.233800 ms MarkObjects: 3.255300 ms  DeleteObjects: 0.512500 ms)

AssetImportParameters requested are different than current active one (requested -> active):
  custom:video-decoder-ogg-theora: a1e56fd34408186e4bbccfd4996cb3dc -> 
  custom:container-muxer-webm: aa71ff27fc2769a1b78a27578f13a17b -> 
  custom:container-demuxer-webm: 4f35f7cbe854078d1ac9338744f61a02 -> 
  custom:video-encoder-webm-vp8: eb34c28f22e8b96e1ab97ce403110664 -> 
  custom:video-codec-MediaFoundation-h265: 746d11721c4dcdbdad8f713fa42b33f4 -> 
  custom:audio-encoder-webm-vorbis: bf7c407c2cedff20999df2af8eb42d56 -> 
  custom:framework-win-MediaFoundation: 216162199b28c13a410421893ffa2e32 -> 
  custom:container-demuxer-ogg: 62fdf1f143b41e24485cea50d1cbac27 -> 
  custom:video-decoder-webm-vp8: 9c59270c3fd7afecdb556c50c9e8de78 -> 
  custom:audio-decoder-ogg-vorbis: bf7c407c2cedff20999df2af8eb42d56 -> 
========================================================================
Received Import Request.
  Time since last request: 3975.627783 seconds.
  path: Assets/Area730/Stylized city/Models/luke.FBX
  artifactKey: Guid(f35f83901f7ed294380f5319b70d8635) Importer(815301076,1909f56bfc062723c751e8b465ee728b)
Start importing Assets/Area730/Stylized city/Models/luke.FBX using Guid(f35f83901f7ed294380f5319b70d8635) Importer(815301076,1909f56bfc062723c751e8b465ee728b)  -> (artifact id: 'd4f980b6a2c5eb804273713e4292fe3f') in 1.823482 seconds 
========================================================================
Received Import Request.
  Time since last request: 0.000021 seconds.
  path: Assets/MainMixer.mixer
  artifactKey: Guid(628f14fc268f6004092e359de37a2bb1) Importer(815301076,1909f56bfc062723c751e8b465ee728b)
Start importing Assets/MainMixer.mixer using Guid(628f14fc268f6004092e359de37a2bb1) Importer(815301076,1909f56bfc062723c751e8b465ee728b)  -> (artifact id: '35ed7d4d1ad0402c9c3c79fbaf7e1309') in 0.025279 seconds 
========================================================================
Received Import Request.
  Time since last request: 0.000036 seconds.
  path: Assets/Area730/Stylized city/Models/gate_a.FBX
  artifactKey: Guid(4922c6d115252a54fa308e417a524316) Importer(815301076,1909f56bfc062723c751e8b465ee728b)
Start importing Assets/Area730/Stylized city/Models/gate_a.FBX using Guid(4922c6d115252a54fa308e417a524316) Importer(815301076,1909f56bfc062723c751e8b465ee728b)  -> (artifact id: '73ceb2c19437954dda4ccc939799d5e7') in 0.445261 seconds 
========================================================================
Received Import Request.
  Time since last request: 0.000019 seconds.
  path: Assets/New Terrain 7.asset
  artifactKey: Guid(312339c80f322544cbe48f7c06d5b840) Importer(815301076,1909f56bfc062723c751e8b465ee728b)
Start importing Assets/New Terrain 7.asset using Guid(312339c80f322544cbe48f7c06d5b840) Importer(815301076,1909f56bfc062723c751e8b465ee728b)  -> (artifact id: 'a96357cf914ad5432581fdc3edff00ab') in 0.655618 seconds 
========================================================================
Received Import Request.
  Time since last request: 0.000023 seconds.
  path: Assets/New Terrain 11.asset
  artifactKey: Guid(4719e372ca0ea9a4dba699165992caf7) Importer(815301076,1909f56bfc062723c751e8b465ee728b)
Start importing Assets/New Terrain 11.asset using Guid(4719e372ca0ea9a4dba699165992caf7) Importer(815301076,1909f56bfc062723c751e8b465ee728b)  -> (artifact id: '382eccec460ce4f2af621843d4d58a46') in 0.597733 seconds 
========================================================================
Received Import Request.
  Time since last request: 0.000018 seconds.
  path: Assets/Area730/Stylized city/Models/road_empy.FBX
  artifactKey: Guid(93d7a25b73414c440ab208a9fc383248) Importer(815301076,1909f56bfc062723c751e8b465ee728b)
Start importing Assets/Area730/Stylized city/Models/road_empy.FBX using Guid(93d7a25b73414c440ab208a9fc383248) Importer(815301076,1909f56bfc062723c751e8b465ee728b)  -> (artifact id: 'c56999290921744b70abc79f6c46b154') in 0.407593 seconds 
========================================================================
Received Import Request.
  Time since last request: 0.000026 seconds.
  path: Assets/LowPolyFantasyClouds/Models/RG_Cloud-03.fbx
  artifactKey: Guid(7adcbac7714161e40bc7421e2762cfde) Importer(815301076,1909f56bfc062723c751e8b465ee728b)
Start importing Assets/LowPolyFantasyClouds/Models/RG_Cloud-03.fbx using Guid(7adcbac7714161e40bc7421e2762cfde) Importer(815301076,1909f56bfc062723c751e8b465ee728b)  -> (artifact id: '1f674c736dbf408146f3834a388cbf89') in 0.026807 seconds 
========================================================================
Received Import Request.
  Time since last request: 0.000017 seconds.
  path: Assets/Area730/Stylized city/Models/shop_1.FBX
  artifactKey: Guid(49cdbde92041b784cbf635ed62667533) Importer(815301076,1909f56bfc062723c751e8b465ee728b)
Start importing Assets/Area730/Stylized city/Models/shop_1.FBX using Guid(49cdbde92041b784cbf635ed62667533) Importer(815301076,1909f56bfc062723c751e8b465ee728b)  -> (artifact id: 'c108b6baeb607f68a337f8be58d44730') in 0.847522 seconds 
========================================================================
Received Import Request.
  Time since last request: 0.000020 seconds.
  path: Assets/New Terrain 16.asset
  artifactKey: Guid(346faa4c2b1c1b04da5f92d2375c5751) Importer(815301076,1909f56bfc062723c751e8b465ee728b)
Start importing Assets/New Terrain 16.asset using Guid(346faa4c2b1c1b04da5f92d2375c5751) Importer(815301076,1909f56bfc062723c751e8b465ee728b)  -> (artifact id: 'f534a6ef17ed5db4ac603d34d2e97e58') in 0.703347 seconds 
========================================================================
Received Import Request.
  Time since last request: 0.000023 seconds.
  path: Assets/sumPause/Sprites/stop 1.png
  artifactKey: Guid(436f975c0b804dc44917afa608858dc8) Importer(815301076,1909f56bfc062723c751e8b465ee728b)
Start importing Assets/sumPause/Sprites/stop 1.png using Guid(436f975c0b804dc44917afa608858dc8) Importer(815301076,1909f56bfc062723c751e8b465ee728b)  -> (artifact id: '618169512e2298df7ab697a5829c6c03') in 0.122129 seconds 
========================================================================
Received Import Request.
  Time since last request: 0.000020 seconds.
  path: Assets/Area730/Stylized city/Models/grass1.FBX
  artifactKey: Guid(c6cd63ac342998b4fb3a8de223ebd4c3) Importer(815301076,1909f56bfc062723c751e8b465ee728b)
Start importing Assets/Area730/Stylized city/Models/grass1.FBX using Guid(c6cd63ac342998b4fb3a8de223ebd4c3) Importer(815301076,1909f56bfc062723c751e8b465ee728b)  -> (artifact id: '2756283dd7395616d166548bc8fad1e8') in 0.456470 seconds 
========================================================================
Received Import Request.
  Time since last request: 0.000023 seconds.
  path: Assets/Area730/Stylized city/Models/sidewalk_2.FBX
  artifactKey: Guid(5eb60fa3d9f6eb044bf64f89a46f6ae2) Importer(815301076,1909f56bfc062723c751e8b465ee728b)
Start importing Assets/Area730/Stylized city/Models/sidewalk_2.FBX using Guid(5eb60fa3d9f6eb044bf64f89a46f6ae2) Importer(815301076,1909f56bfc062723c751e8b465ee728b)  -> (artifact id: '338fbaebb54c0c345e220faeea1a186b') in 0.174780 seconds 
========================================================================
Received Import Request.
  Time since last request: 0.000034 seconds.
  path: Assets/Area730/Stylized city/Models/bush1.FBX
  artifactKey: Guid(c8680fab33c72bb4ba3e31987e0b0182) Importer(815301076,1909f56bfc062723c751e8b465ee728b)
Start importing Assets/Area730/Stylized city/Models/bush1.FBX using Guid(c8680fab33c72bb4ba3e31987e0b0182) Importer(815301076,1909f56bfc062723c751e8b465ee728b)  -> (artifact id: '5fbc07bd5e4e1c27656b00998073606c') in 0.649978 seconds 
========================================================================
Received Import Request.
  Time since last request: 0.000023 seconds.
  path: Assets/Area730/Stylized city/Models/yellow_garden.FBX
  artifactKey: Guid(c2da83d63b4e36f4fb44df012f7ad880) Importer(815301076,1909f56bfc062723c751e8b465ee728b)
Start importing Assets/Area730/Stylized city/Models/yellow_garden.FBX using Guid(c2da83d63b4e36f4fb44df012f7ad880) Importer(815301076,1909f56bfc062723c751e8b465ee728b)  -> (artifact id: '5fd55af66f99cab2854c8e07ac782de3') in 0.231043 seconds 
========================================================================
Received Import Request.
  Time since last request: 0.000018 seconds.
  path: Assets/Area730/Stylized city/Models/rocket_1.FBX
  artifactKey: Guid(9866104cc8596a84b9407a2d5be4c068) Importer(815301076,1909f56bfc062723c751e8b465ee728b)
Start importing Assets/Area730/Stylized city/Models/rocket_1.FBX using Guid(9866104cc8596a84b9407a2d5be4c068) Importer(815301076,1909f56bfc062723c751e8b465ee728b)  -> (artifact id: '44477b8276537feb7db3fb2ac875d03a') in 0.206972 seconds 
========================================================================
Received Import Request.
  Time since last request: 0.000025 seconds.
  path: Assets/New Terrain 3.asset
  artifactKey: Guid(9e3dbb10cbfe5e4429a44841c4c209dc) Importer(815301076,1909f56bfc062723c751e8b465ee728b)
Start importing Assets/New Terrain 3.asset using Guid(9e3dbb10cbfe5e4429a44841c4c209dc) Importer(815301076,1909f56bfc062723c751e8b465ee728b)  -> (artifact id: 'bceeb4023203df54b55b2c2b9d6c3e7a') in 0.864658 seconds 
========================================================================
Received Import Request.
  Time since last request: 0.000018 seconds.
  path: Assets/Area730/Stylized city/Models/road_block.FBX
  artifactKey: Guid(9b2c2629b7fc57e42b2e9a08c7c68f64) Importer(815301076,1909f56bfc062723c751e8b465ee728b)
Start importing Assets/Area730/Stylized city/Models/road_block.FBX using Guid(9b2c2629b7fc57e42b2e9a08c7c68f64) Importer(815301076,1909f56bfc062723c751e8b465ee728b)  -> (artifact id: '52a4f216fec43a466b0c6fcc0ff2c808') in 0.118778 seconds 
========================================================================
Received Import Request.
  Time since last request: 0.000025 seconds.
  path: Assets/New Terrain 6.asset
  artifactKey: Guid(b6329d0b0e8e42a4da7418da884a5ecc) Importer(815301076,1909f56bfc062723c751e8b465ee728b)
Start importing Assets/New Terrain 6.asset using Guid(b6329d0b0e8e42a4da7418da884a5ecc) Importer(815301076,1909f56bfc062723c751e8b465ee728b)  -> (artifact id: 'a74282adf5290406d1cfeabf09b2c9a5') in 0.367663 seconds 
========================================================================
Received Import Request.
  Time since last request: 0.000022 seconds.
  path: Assets/Area730/Stylized city/Models/plane.FBX
  artifactKey: Guid(5a25b4d63655d804c912031f88662156) Importer(815301076,1909f56bfc062723c751e8b465ee728b)
Start importing Assets/Area730/Stylized city/Models/plane.FBX using Guid(5a25b4d63655d804c912031f88662156) Importer(815301076,1909f56bfc062723c751e8b465ee728b)  -> (artifact id: '8659fe6887f753c8919666da812c7836') in 0.638399 seconds 
========================================================================
Received Import Request.
  Time since last request: 0.000027 seconds.
  path: Assets/Area730/Stylized city/Models/Bomb_1.FBX
  artifactKey: Guid(8de4eb84a2fbf144298733a626a93499) Importer(815301076,1909f56bfc062723c751e8b465ee728b)
Start importing Assets/Area730/Stylized city/Models/Bomb_1.FBX using Guid(8de4eb84a2fbf144298733a626a93499) Importer(815301076,1909f56bfc062723c751e8b465ee728b)  -> (artifact id: 'f0ce9014efc8c6e41bb432d682a363e1') in 0.123031 seconds 
========================================================================
Received Import Request.
  Time since last request: 0.000016 seconds.
  path: Assets/New Terrain 5.asset
  artifactKey: Guid(9d406589eaaa200469a5b5264f3a4612) Importer(815301076,1909f56bfc062723c751e8b465ee728b)
Start importing Assets/New Terrain 5.asset using Guid(9d406589eaaa200469a5b5264f3a4612) Importer(815301076,1909f56bfc062723c751e8b465ee728b)  -> (artifact id: '02f367da1ee53b68179e3b5fa86e6cec') in 0.331171 seconds 
========================================================================
Received Import Request.
  Time since last request: 0.000019 seconds.
  path: Assets/Area730/Stylized city/Models/Bomb_3.FBX
  artifactKey: Guid(758416f82b274c847ad009d67d861179) Importer(815301076,1909f56bfc062723c751e8b465ee728b)
Start importing Assets/Area730/Stylized city/Models/Bomb_3.FBX using Guid(758416f82b274c847ad009d67d861179) Importer(815301076,1909f56bfc062723c751e8b465ee728b)  -> (artifact id: 'caf37fa11b2e38edefc1e4202b18f003') in 0.109645 seconds 
========================================================================
Received Import Request.
  Time since last request: 0.000023 seconds.
  path: Assets/sumPause/Sprites/pause 1.png
  artifactKey: Guid(4e3cd935cdde76f4d9ae23d40d4623bf) Importer(815301076,1909f56bfc062723c751e8b465ee728b)
Start importing Assets/sumPause/Sprites/pause 1.png using Guid(4e3cd935cdde76f4d9ae23d40d4623bf) Importer(815301076,1909f56bfc062723c751e8b465ee728b)  -> (artifact id: '94b8f9a4e232ee49a0a64b56a1ab06a9') in 0.013606 seconds 
========================================================================
Received Import Request.
  Time since last request: 0.000015 seconds.
  path: Assets/Area730/Stylized city/Models/tower.FBX
  artifactKey: Guid(62ea8326d809f1a489934d441252ca36) Importer(815301076,1909f56bfc062723c751e8b465ee728b)
Start importing Assets/Area730/Stylized city/Models/tower.FBX using Guid(62ea8326d809f1a489934d441252ca36) Importer(815301076,1909f56bfc062723c751e8b465ee728b)  -> (artifact id: '1b8cce5c8aecc925ecadc30746127d41') in 2.816623 seconds 
========================================================================
Received Import Request.
  Time since last request: 0.000019 seconds.
  path: Assets/New Terrain 13.asset
  artifactKey: Guid(382755ff3441d6a41a5744ce1a1dd347) Importer(815301076,1909f56bfc062723c751e8b465ee728b)
Start importing Assets/New Terrain 13.asset using Guid(382755ff3441d6a41a5744ce1a1dd347) Importer(815301076,1909f56bfc062723c751e8b465ee728b)  -> (artifact id: '33ae29fe610640ad8334c6727daea24f') in 0.632142 seconds 
========================================================================
Received Import Request.
  Time since last request: 0.000022 seconds.
  path: Assets/New Terrain.asset
  artifactKey: Guid(154bd1a9cd208e74eb41eacae4a820c5) Importer(815301076,1909f56bfc062723c751e8b465ee728b)
Start importing Assets/New Terrain.asset using Guid(154bd1a9cd208e74eb41eacae4a820c5) Importer(815301076,1909f56bfc062723c751e8b465ee728b)  -> (artifact id: 'd42eb86f64f5c7898df0320a539a290a') in 0.190699 seconds 
========================================================================
Received Import Request.
  Time since last request: 0.000023 seconds.
  path: Assets/LowPolyFantasyClouds/Models/RG_Cloud-01.fbx
  artifactKey: Guid(e482b39d7ed22034ca6a61dd145ee82b) Importer(815301076,1909f56bfc062723c751e8b465ee728b)
Start importing Assets/LowPolyFantasyClouds/Models/RG_Cloud-01.fbx using Guid(e482b39d7ed22034ca6a61dd145ee82b) Importer(815301076,1909f56bfc062723c751e8b465ee728b)  -> (artifact id: '64a0078d8c44837c938e3df04f6db610') in 0.246678 seconds 
========================================================================
Received Import Request.
  Time since last request: 0.000022 seconds.
  path: Assets/New Terrain 1.asset
  artifactKey: Guid(912f1a704305b314b98e6d4c1238b8b4) Importer(815301076,1909f56bfc062723c751e8b465ee728b)
Start importing Assets/New Terrain 1.asset using Guid(912f1a704305b314b98e6d4c1238b8b4) Importer(815301076,1909f56bfc062723c751e8b465ee728b)  -> (artifact id: '967d336557ea145445033a4535159166') in 0.283774 seconds 
========================================================================
Received Import Request.
  Time since last request: 0.000058 seconds.
  path: Assets/New Terrain 10.asset
  artifactKey: Guid(383c0a14988eb2a4c9fab2e00e12e150) Importer(815301076,1909f56bfc062723c751e8b465ee728b)
Start importing Assets/New Terrain 10.asset using Guid(383c0a14988eb2a4c9fab2e00e12e150) Importer(815301076,1909f56bfc062723c751e8b465ee728b)  -> (artifact id: 'd9a621cd1ff8fbdc5bebbc1b52bbe2b8') in 0.667466 seconds 
========================================================================
Received Import Request.
  Time since last request: 0.000025 seconds.
  path: Assets/Area730/Stylized city/Models/transport_viechle.FBX
  artifactKey: Guid(f4ae6dd69f9b2554cb64dd11fbc4fa5e) Importer(815301076,1909f56bfc062723c751e8b465ee728b)
Start importing Assets/Area730/Stylized city/Models/transport_viechle.FBX using Guid(f4ae6dd69f9b2554cb64dd11fbc4fa5e) Importer(815301076,1909f56bfc062723c751e8b465ee728b)  -> (artifact id: '2ed559e41e4bf1977d5ee90f6ee21c79') in 0.500240 seconds 
========================================================================
Received Import Request.
  Time since last request: 0.000019 seconds.
  path: Assets/sumPause/Sprites/right.png
  artifactKey: Guid(293b8de772859414c85e314a3bf5f68b) Importer(815301076,1909f56bfc062723c751e8b465ee728b)
Start importing Assets/sumPause/Sprites/right.png using Guid(293b8de772859414c85e314a3bf5f68b) Importer(815301076,1909f56bfc062723c751e8b465ee728b)  -> (artifact id: 'cd7082fbfdb692c814f5f93b7308da72') in 0.103953 seconds 
========================================================================
Received Import Request.
  Time since last request: 0.000030 seconds.
  path: Assets/Scenes/SampleScene.unity
  artifactKey: Guid(9fc0d4010bbf28b4594072e72b8655ab) Importer(815301076,1909f56bfc062723c751e8b465ee728b)
Start importing Assets/Scenes/SampleScene.unity using Guid(9fc0d4010bbf28b4594072e72b8655ab) Importer(815301076,1909f56bfc062723c751e8b465ee728b)  -> (artifact id: 'e55ccaa32d8e5c1de03c07a5412c8c3c') in 0.001840 seconds 
========================================================================
Received Import Request.
  Time since last request: 0.000031 seconds.
  path: Assets/Area730/Stylized city/Models/swimming-pool.FBX
  artifactKey: Guid(10966efa816a44943bdcd42704fbbc2a) Importer(815301076,1909f56bfc062723c751e8b465ee728b)
Start importing Assets/Area730/Stylized city/Models/swimming-pool.FBX using Guid(10966efa816a44943bdcd42704fbbc2a) Importer(815301076,1909f56bfc062723c751e8b465ee728b)  -> (artifact id: 'f6056bfde2d13b146624e10dc79e14b0') in 0.535230 seconds 
========================================================================
Received Import Request.
  Time since last request: 0.000022 seconds.
  path: Assets/Area730/Stylized city/Models/Bomb_2.FBX
  artifactKey: Guid(194db0b83a9fba047a1020ca3acb5e72) Importer(815301076,1909f56bfc062723c751e8b465ee728b)
Start importing Assets/Area730/Stylized city/Models/Bomb_2.FBX using Guid(194db0b83a9fba047a1020ca3acb5e72) Importer(815301076,1909f56bfc062723c751e8b465ee728b)  -> (artifact id: '6ca186d6b616107ffb07231fdfd9430b') in 0.241841 seconds 
========================================================================
Received Import Request.
  Time since last request: 0.000023 seconds.
  path: Assets/Area730/Stylized city/Models/post_box.FBX
  artifactKey: Guid(2235621c3adfcf144b917148ea10e924) Importer(815301076,1909f56bfc062723c751e8b465ee728b)
Start importing Assets/Area730/Stylized city/Models/post_box.FBX using Guid(2235621c3adfcf144b917148ea10e924) Importer(815301076,1909f56bfc062723c751e8b465ee728b)  -> (artifact id: '222f8be08136bfa13cfb031c1c4c52b2') in 0.247994 seconds 
========================================================================
Received Import Request.
  Time since last request: 0.000019 seconds.
  path: Assets/Area730/Stylized city/Models/hamvee.FBX
  artifactKey: Guid(7b912c5dfa554a04296ecbf246180058) Importer(815301076,1909f56bfc062723c751e8b465ee728b)
Start importing Assets/Area730/Stylized city/Models/hamvee.FBX using Guid(7b912c5dfa554a04296ecbf246180058) Importer(815301076,1909f56bfc062723c751e8b465ee728b)  -> (artifact id: '4351b02773414427822528bd61a28601') in 0.307599 seconds 
========================================================================
Received Import Request.
  Time since last request: 0.000050 seconds.
  path: Assets/Area730/Stylized city/Models/road_lamp.FBX
  artifactKey: Guid(dd59be8777491364281289de45be9ca9) Importer(815301076,1909f56bfc062723c751e8b465ee728b)
Start importing Assets/Area730/Stylized city/Models/road_lamp.FBX using Guid(dd59be8777491364281289de45be9ca9) Importer(815301076,1909f56bfc062723c751e8b465ee728b)  -> (artifact id: 'cc971aaac025d2accaff149af7a23892') in 0.135864 seconds 
========================================================================
Received Import Request.
  Time since last request: 0.000019 seconds.
  path: Assets/LowPolyFantasyClouds/Models/RG_Terrain-Mesh-11.fbx
  artifactKey: Guid(3bf57d1d7cdc2ef4f85f29c73d3e7fec) Importer(815301076,1909f56bfc062723c751e8b465ee728b)
Start importing Assets/LowPolyFantasyClouds/Models/RG_Terrain-Mesh-11.fbx using Guid(3bf57d1d7cdc2ef4f85f29c73d3e7fec) Importer(815301076,1909f56bfc062723c751e8b465ee728b)  -> (artifact id: 'bbaf3113e6a5fa536628ffab0631fd69') in 0.026394 seconds 
========================================================================
Received Import Request.
  Time since last request: 0.000024 seconds.
  path: Assets/Area730/Stylized city/Models/tree_4.FBX
  artifactKey: Guid(70f6734e217bc53418f6292cc108cf07) Importer(815301076,1909f56bfc062723c751e8b465ee728b)
Start importing Assets/Area730/Stylized city/Models/tree_4.FBX using Guid(70f6734e217bc53418f6292cc108cf07) Importer(815301076,1909f56bfc062723c751e8b465ee728b)  -> (artifact id: 'b7ae830b92ca6cee430bab8dbc0c3597') in 0.670231 seconds 
========================================================================
Received Import Request.
  Time since last request: 0.000019 seconds.
  path: Assets/LowPolyFantasyClouds/Models/RG_Terrain-Mesh-05.fbx
  artifactKey: Guid(e60878c343be266469e6570212f2faa5) Importer(815301076,1909f56bfc062723c751e8b465ee728b)
Start importing Assets/LowPolyFantasyClouds/Models/RG_Terrain-Mesh-05.fbx using Guid(e60878c343be266469e6570212f2faa5) Importer(815301076,1909f56bfc062723c751e8b465ee728b)  -> (artifact id: 'f7bb5fb8848a4716191121e4fbab9895') in 0.624494 seconds 
========================================================================
Received Import Request.
  Time since last request: 0.000022 seconds.
  path: Assets/Area730/Stylized city/Models/bus.FBX
  artifactKey: Guid(7089f119f850b514c89b3e4f68025a29) Importer(815301076,1909f56bfc062723c751e8b465ee728b)
Start importing Assets/Area730/Stylized city/Models/bus.FBX using Guid(7089f119f850b514c89b3e4f68025a29) Importer(815301076,1909f56bfc062723c751e8b465ee728b)  -> (artifact id: 'ae7f48d29fa41677f4f729007a79c8bd') in 6.896672 seconds 
========================================================================
Received Import Request.
  Time since last request: 0.000018 seconds.
  path: Assets/LowPolyFantasyClouds/Models/RG_Terrain-Mesh-06.fbx
  artifactKey: Guid(df58f0cba6506cc40ab54389761aa495) Importer(815301076,1909f56bfc062723c751e8b465ee728b)
Start importing Assets/LowPolyFantasyClouds/Models/RG_Terrain-Mesh-06.fbx using Guid(df58f0cba6506cc40ab54389761aa495) Importer(815301076,1909f56bfc062723c751e8b465ee728b)  -> (artifact id: '9fa69ea87ebc614c73b4acd687ae17e7') in 1.466903 seconds 
========================================================================
Received Import Request.
  Time since last request: 0.000023 seconds.
  path: Assets/Area730/Stylized city/Models/plane_ground_city.FBX
  artifactKey: Guid(5461ec8b2523269428e4b2db0d31161d) Importer(815301076,1909f56bfc062723c751e8b465ee728b)
Start importing Assets/Area730/Stylized city/Models/plane_ground_city.FBX using Guid(5461ec8b2523269428e4b2db0d31161d) Importer(815301076,1909f56bfc062723c751e8b465ee728b)  -> (artifact id: '220401222b63757fd8d4d5ebfb955b2d') in 0.426694 seconds 
========================================================================
Received Import Request.
  Time since last request: 0.000019 seconds.
  path: Assets/New Terrain 15.asset
  artifactKey: Guid(c48ca6ecf6deffc41ae66c1dc20550a4) Importer(815301076,1909f56bfc062723c751e8b465ee728b)
Start importing Assets/New Terrain 15.asset using Guid(c48ca6ecf6deffc41ae66c1dc20550a4) Importer(815301076,1909f56bfc062723c751e8b465ee728b)  -> (artifact id: '2ff815e230b95f1dd3431234a7ccf8cf') in 0.662634 seconds 
========================================================================
Received Prepare
Registering precompiled user dll's ...
Registered in 0.012021 seconds.
Begin MonoManager ReloadAssembly
Symbol file LoadedFromMemory doesn't match image C:\Users\AsusPC\Desktop\MyGames\Demo\WEB\3D\Airplane-Game\Airplane\Library\PackageCache\com.unity.visualscripting@1.7.8\Editor\VisualScripting.Core\Dependencies\DotNetZip\Unity.VisualScripting.IonicZip.dll
Symbol file LoadedFromMemory doesn't match image C:\Users\AsusPC\Desktop\MyGames\Demo\WEB\3D\Airplane-Game\Airplane\Library\PackageCache\com.unity.visualscripting@1.7.8\Editor\VisualScripting.Core\Dependencies\YamlDotNet\Unity.VisualScripting.YamlDotNet.dll
Native extension for WindowsStandalone target not found
Native extension for Android target not found
Native extension for WebGL target not found
Refreshing native plugins compatible for Editor in 1.74 ms, found 3 plugins.
Preloading 0 native plugins for Editor in 0.00 ms.
System.Reflection.AmbiguousMatchException: Ambiguous match found.
  at System.RuntimeType.GetMethodImplCommon (System.String name, System.Int32 genericParameterCount, System.Reflection.BindingFlags bindingAttr, System.Reflection.Binder binder, System.Reflection.CallingConventions callConv, System.Type[] types, System.Reflection.ParameterModifier[] modifiers) [0x00050] in <e40e5a8f982c4b618a930d29f9bd091c>:0 
  at System.RuntimeType.GetMethodImpl (System.String name, System.Reflection.BindingFlags bindingAttr, System.Reflection.Binder binder, System.Reflection.CallingConventions callConv, System.Type[] types, System.Reflection.ParameterModifier[] modifiers) [0x00000] in <e40e5a8f982c4b618a930d29f9bd091c>:0 
  at System.Type.GetMethod (System.String name, System.Reflection.BindingFlags bindingAttr) [0x0000e] in <e40e5a8f982c4b618a930d29f9bd091c>:0 
  at System.Type.GetMethod (System.String name) [0x00000] in <e40e5a8f982c4b618a930d29f9bd091c>:0 
  at GooglePlayServices.UnityCompat.get_Unity56AndAboveApplicationIdentifier () [0x00000] in <1877a7de1fce4dbf9ed2d0e651eb9a0e>:0 
  at GooglePlayServices.UnityCompat.get_ApplicationId () [0x00000] in <1877a7de1fce4dbf9ed2d0e651eb9a0e>:0 
  at GooglePlayServices.PlayServicesResolver..cctor () [0x0002a] in <1877a7de1fce4dbf9ed2d0e651eb9a0e>:0 
UnityEngine.StackTraceUtility:ExtractStackTrace ()
UnityEngine.DebugLogHandler:LogFormat (UnityEngine.LogType,UnityEngine.Object,string,object[])
UnityEngine.Logger:Log (UnityEngine.LogType,object)
UnityEngine.Debug:LogError (object)
UnityEditor.EditorAssemblies:ProcessInitializeOnLoadAttributes (System.Type[])

Mono: successfully reloaded assembly
- Completed reload, in  3.052 seconds
Domain Reload Profiling:
	ReloadAssembly (3052ms)
		BeginReloadAssembly (331ms)
			ExecutionOrderSort (0ms)
			DisableScriptedObjects (4ms)
			BackupInstance (0ms)
			ReleaseScriptingObjects (0ms)
			CreateAndSetChildDomain (41ms)
		EndReloadAssembly (2617ms)
			LoadAssemblies (128ms)
			RebuildTransferFunctionScriptingTraits (0ms)
			SetupTypeCache (290ms)
			ReleaseScriptCaches (2ms)
			RebuildScriptCaches (43ms)
			SetupLoadedEditorAssemblies (2110ms)
				LogAssemblyErrors (0ms)
				InitializePlatformSupportModulesInManaged (28ms)
				SetLoadedEditorAssemblies (1ms)
				RefreshPlugins (2ms)
				BeforeProcessingInitializeOnLoad (77ms)
				ProcessInitializeOnLoadAttributes (1969ms)
				ProcessInitializeOnLoadMethodAttributes (25ms)
				AfterProcessingInitializeOnLoad (8ms)
				EditorAssembliesLoaded (0ms)
			ExecutionOrderSort2 (0ms)
			AwakeInstancesAfterBackupRestoration (6ms)
Platform modules already initialized, skipping
Refreshing native plugins compatible for Editor in 5.14 ms, found 3 plugins.
Preloading 0 native plugins for Editor in 0.00 ms.
Unloading 3493 Unused Serialized files (Serialized files now loaded: 0)
Unloading 51 unused Assets / (1.3 MB). Loaded Objects now: 4029.
Memory consumption went from 140.6 MB to 139.3 MB.
Total: 172.315500 ms (FindLiveObjects: 0.376800 ms CreateObjectMapping: 0.184000 ms MarkObjects: 171.036100 ms  DeleteObjects: 0.704000 ms)

AssetImportParameters requested are different than current active one (requested -> active):
  custom:video-decoder-ogg-theora: a1e56fd34408186e4bbccfd4996cb3dc -> 
  custom:container-muxer-webm: aa71ff27fc2769a1b78a27578f13a17b -> 
  custom:container-demuxer-webm: 4f35f7cbe854078d1ac9338744f61a02 -> 
  custom:video-encoder-webm-vp8: eb34c28f22e8b96e1ab97ce403110664 -> 
  custom:video-codec-MediaFoundation-h265: 746d11721c4dcdbdad8f713fa42b33f4 -> 
  custom:audio-encoder-webm-vorbis: bf7c407c2cedff20999df2af8eb42d56 -> 
  custom:framework-win-MediaFoundation: 216162199b28c13a410421893ffa2e32 -> 
  custom:container-demuxer-ogg: 62fdf1f143b41e24485cea50d1cbac27 -> 
  custom:video-decoder-webm-vp8: 9c59270c3fd7afecdb556c50c9e8de78 -> 
  custom:audio-decoder-ogg-vorbis: bf7c407c2cedff20999df2af8eb42d56 -> 
========================================================================
Received Prepare
Registering precompiled user dll's ...
Registered in 0.009139 seconds.
Begin MonoManager ReloadAssembly
Symbol file LoadedFromMemory doesn't match image C:\Users\AsusPC\Desktop\MyGames\Demo\WEB\3D\Airplane-Game\Airplane\Library\PackageCache\com.unity.visualscripting@1.7.8\Editor\VisualScripting.Core\Dependencies\DotNetZip\Unity.VisualScripting.IonicZip.dll
Symbol file LoadedFromMemory doesn't match image C:\Users\AsusPC\Desktop\MyGames\Demo\WEB\3D\Airplane-Game\Airplane\Library\PackageCache\com.unity.visualscripting@1.7.8\Editor\VisualScripting.Core\Dependencies\YamlDotNet\Unity.VisualScripting.YamlDotNet.dll
Native extension for WindowsStandalone target not found
Native extension for Android target not found
Native extension for WebGL target not found
Refreshing native plugins compatible for Editor in 0.87 ms, found 3 plugins.
Preloading 0 native plugins for Editor in 0.00 ms.
System.Reflection.AmbiguousMatchException: Ambiguous match found.
  at System.RuntimeType.GetMethodImplCommon (System.String name, System.Int32 genericParameterCount, System.Reflection.BindingFlags bindingAttr, System.Reflection.Binder binder, System.Reflection.CallingConventions callConv, System.Type[] types, System.Reflection.ParameterModifier[] modifiers) [0x00050] in <e40e5a8f982c4b618a930d29f9bd091c>:0 
  at System.RuntimeType.GetMethodImpl (System.String name, System.Reflection.BindingFlags bindingAttr, System.Reflection.Binder binder, System.Reflection.CallingConventions callConv, System.Type[] types, System.Reflection.ParameterModifier[] modifiers) [0x00000] in <e40e5a8f982c4b618a930d29f9bd091c>:0 
  at System.Type.GetMethod (System.String name, System.Reflection.BindingFlags bindingAttr) [0x0000e] in <e40e5a8f982c4b618a930d29f9bd091c>:0 
  at System.Type.GetMethod (System.String name) [0x00000] in <e40e5a8f982c4b618a930d29f9bd091c>:0 
  at GooglePlayServices.UnityCompat.get_Unity56AndAboveApplicationIdentifier () [0x00000] in <1877a7de1fce4dbf9ed2d0e651eb9a0e>:0 
  at GooglePlayServices.UnityCompat.get_ApplicationId () [0x00000] in <1877a7de1fce4dbf9ed2d0e651eb9a0e>:0 
  at GooglePlayServices.PlayServicesResolver..cctor () [0x0002a] in <1877a7de1fce4dbf9ed2d0e651eb9a0e>:0 
UnityEngine.StackTraceUtility:ExtractStackTrace ()
UnityEngine.DebugLogHandler:LogFormat (UnityEngine.LogType,UnityEngine.Object,string,object[])
UnityEngine.Logger:Log (UnityEngine.LogType,object)
UnityEngine.Debug:LogError (object)
UnityEditor.EditorAssemblies:ProcessInitializeOnLoadAttributes (System.Type[])

Mono: successfully reloaded assembly
- Completed reload, in  1.054 seconds
Domain Reload Profiling:
	ReloadAssembly (1055ms)
		BeginReloadAssembly (134ms)
			ExecutionOrderSort (0ms)
			DisableScriptedObjects (5ms)
			BackupInstance (0ms)
			ReleaseScriptingObjects (0ms)
			CreateAndSetChildDomain (35ms)
		EndReloadAssembly (827ms)
			LoadAssemblies (93ms)
			RebuildTransferFunctionScriptingTraits (0ms)
			SetupTypeCache (248ms)
			ReleaseScriptCaches (2ms)
			RebuildScriptCaches (41ms)
			SetupLoadedEditorAssemblies (394ms)
				LogAssemblyErrors (0ms)
				InitializePlatformSupportModulesInManaged (25ms)
				SetLoadedEditorAssemblies (0ms)
				RefreshPlugins (1ms)
				BeforeProcessingInitializeOnLoad (70ms)
				ProcessInitializeOnLoadAttributes (264ms)
				ProcessInitializeOnLoadMethodAttributes (25ms)
				AfterProcessingInitializeOnLoad (9ms)
				EditorAssembliesLoaded (0ms)
			ExecutionOrderSort2 (0ms)
			AwakeInstancesAfterBackupRestoration (6ms)
Platform modules already initialized, skipping
Refreshing native plugins compatible for Editor in 3.91 ms, found 3 plugins.
Preloading 0 native plugins for Editor in 0.00 ms.
Unloading 3493 Unused Serialized files (Serialized files now loaded: 0)
Unloading 49 unused Assets / (0.7 MB). Loaded Objects now: 4032.
Memory consumption went from 140.0 MB to 139.3 MB.
Total: 3.830300 ms (FindLiveObjects: 0.276000 ms CreateObjectMapping: 0.177000 ms MarkObjects: 2.994500 ms  DeleteObjects: 0.381800 ms)

AssetImportParameters requested are different than current active one (requested -> active):
  custom:video-decoder-ogg-theora: a1e56fd34408186e4bbccfd4996cb3dc -> 
  custom:container-muxer-webm: aa71ff27fc2769a1b78a27578f13a17b -> 
  custom:container-demuxer-webm: 4f35f7cbe854078d1ac9338744f61a02 -> 
  custom:video-encoder-webm-vp8: eb34c28f22e8b96e1ab97ce403110664 -> 
  custom:video-codec-MediaFoundation-h265: 746d11721c4dcdbdad8f713fa42b33f4 -> 
  custom:audio-encoder-webm-vorbis: bf7c407c2cedff20999df2af8eb42d56 -> 
  custom:framework-win-MediaFoundation: 216162199b28c13a410421893ffa2e32 -> 
  custom:container-demuxer-ogg: 62fdf1f143b41e24485cea50d1cbac27 -> 
  custom:video-decoder-webm-vp8: 9c59270c3fd7afecdb556c50c9e8de78 -> 
  custom:audio-decoder-ogg-vorbis: bf7c407c2cedff20999df2af8eb42d56 -> 
========================================================================
Received Import Request.
  Time since last request: 725.991652 seconds.
  path: Assets/Draw Call Minimizer/Example/DCM Editor Export Example/Combined Specular Mesh_MainTex.png
  artifactKey: Guid(cae4f5ea2d1b4eb488644df64418512c) Importer(815301076,1909f56bfc062723c751e8b465ee728b)
Start importing Assets/Draw Call Minimizer/Example/DCM Editor Export Example/Combined Specular Mesh_MainTex.png using Guid(cae4f5ea2d1b4eb488644df64418512c) Importer(815301076,1909f56bfc062723c751e8b465ee728b)  -> (artifact id: 'fab06cafa04b4ba00ea2518bfd910a83') in 3.916469 seconds 
